2 7627268
2 7647236
2 7607302
2 87163908
2 87183876
2 87228423
2 48442372
2 48462340
2 48422406
2 121541639
2 121522184
2 121627657
2 115484679
2 115524103
2 115504648
6 20689410
6 20511747
6 20490243
6 30893058
6 30715395
6 30693891
8 10308097
8 10286593
8 10347521
9 53497345
9 53602818
9 53695496
9 42508801
9 42706952
9 42651657
9 73905153
9 73748482
9 73841160
10 63806465
10 63899143
10 63799815
11 117958150
11 117913095
11 117856264
17 31139841
17 30951937
17 30971905
17 114433025
17 114511873
17 114455042
18 2737665
18 2656770
18 2621959
18 40674305
18 40855554
18 40695298
18 50877953
18 51059202
18 50898946
18 91431425
18 91452418
18 91472898
19 62309377
19 62149121
19 62169601
20 20936709
20 20971016
20 20723208
20 72969732
20 72956420
20 73035784
20 83435012
20 83421700
20 83501064
20 104103940
20 104090628
20 104229896
24 121010692
24 121031175
24 120851463
24 114171908
24 114208260
24 114228743
25 2917891
25 2932227
25 2977795
28 20688898
28 20563971
28 20675588
28 28014594
28 27889667
28 27915779
28 51299842
28 51174915
28 51201027
28 41096194
28 40971267
28 40997379
28 69875714
28 69750787
28 69833219
30 10210306
30 10022917
30 10063877
31 80402436
31 80443396
31 80362501
31 122566148
31 122651653
31 122680327
31 93745668
31 93786628
31 93609989
32 3220483
32 3261443
32 3180548
35 41640961
35 41545217
35 41620482
35 62571521
35 62475777
35 62551042
36 21213185
36 21082627
36 21197828
36 106196994
36 106375171
36 106184707
37 10732547
37 10563077
37 10592773
38 121026561
38 121098241
38 121001988
39 78064643
39 78094339
39 78048260
39 114693123
39 114722819
39 114753031
40 2714114
40 2743810
40 2697731
42 50315265
42 50129412
42 50157572
42 65489921
42 65304068
42 65383940
43 41757187
43 41785347
43 41807363
46 80877057
46 80979463
46 80999431
46 121794055
46 121814023
46 121842183
46 95369223
46 95389191
46 95417351
46 113683463
46 113703431
46 113731591
46 106619399
46 106639367
46 106667527
47 3012614
47 2884615
47 2942983
47 16617478
47 16637446
47 16751623
53 69078017
53 69136385
53 69185025
53 79340033
53 79388673
53 79356417
53 93729793
53 93778433
53 93746177
53 122557953
53 122646021
53 122600967
54 3421702
54 3668488
54 3475978
54 33509894
54 33383942
54 33410566
54 58284036
54 58364934
54 58238982
54 41801220
54 41882118
54 41756166
54 49911812
54 49992710
54 49866758
58 103501826
58 103320578
58 103528450
60 10732546
60 10540036
60 10551812
60 80396292
60 80408068
60 80218632
60 121818632
60 121841672
60 121896456
60 94001156
60 94012932
60 94085640
62 2691074
62 2702850
62 2720774
64 38357508
64 38380548
64 38302724
64 44375044
64 44398084
64 44320260
68 81669636
68 81605127
68 81691144
68 93378567
68 93464584
68 93525000
68 53640705
68 53675012
68 53641224
68 121373191
68 121519624
68 121542154
68 111692807
68 111839240
68 111818760
69 2917891
69 2884103
69 2939399
72 20675588
72 20468740
72 20529156
75 121781249
75 121803779
75 121820676
76 3223041
76 3179523
76 3406856
76 31479297
76 31540226
76 31697923
76 62614017
76 62412802
76 62570499
76 52148737
76 51947522
76 52105219
77 42790401
77 42948098
77 42807298
78 74082305
78 73941505
78 73960961
79 20674565
79 20689930
79 20563467
79 82636291
79 82656259
79 82616841
79 92578307
79 92598275
79 92558857
82 114013190
82 113966600
82 113948168
82 124216838
82 124170248
82 124151816
84 2636805
84 2621959
84 2675719
88 104024578
88 104006146
88 103844866
89 10603009
89 10733058
89 10524674
90 80119297
90 80139265
90 80158721
90 70700545
90 70720513
90 70739969
90 122301441
90 122302471
90 122385420
90 95293953
90 95313921
90 95333377
91 2937862
91 2917894
91 2977286
91 30409222
91 30651398
91 30448646
91 40875014
91 40855046
91 40652294
91 50817030
91 50797062
91 50594310
91 61020678
91 61000710
91 61060102
97 30879233
97 30893570
97 30908935
97 20675585
97 20689922
97 20705287
97 51024897
97 51039234
97 50959365
97 40821249
97 40835586
97 40755717
97 61490177
97 61504514
97 61424645
98 3160065
98 3175430
98 3406856
99 10501125
99 10732551
99 10745863
102 103825409
102 104024578
102 103842818
103 112396801
103 112215041
103 112423937
104 18581506
104 18594818
104 18397700
104 80143364
104 80156164
104 79957000
104 121295368
104 121111560
104 121318408
104 94009860
104 94022660
104 94085640
106 2699778
106 2712578
106 2621959
106 9502210
106 9515010
106 9686535
108 42805252
108 42828292
108 42913797
108 49346052
108 49369092
108 49405956
112 81666052
112 81785863
112 81604615
112 121815559
112 121896455
112 121843207
112 93559303
112 93378055
112 93324807
112 112396807
112 112215559
112 112424455
113 2914307
113 3012102
113 2884103
116 18732035
116 18710019
116 18844164
119 80033287
119 80215559
119 79982599
119 121633287
119 121553415
119 121582599
119 94161415
119 94343687
119 94110727
119 68815873
119 68783111
119 68703239
120 3146247
120 3198983
120 3238919
126 120731137
126 120721928
126 120797704
126 79857665
126 79897601
126 79877633
126 94770689
126 94810625
126 94790657
127 3441665
127 3421699
127 3455495
127 30651905
127 30631939
127 30665735
127 51059201
127 51039235
127 51073031
127 40855553
127 40835587
127 40869383
127 60739585
127 60719619
127 60753415
128 20951554
128 20723206
128 20750342
130 10519556
130 10546692
130 10574340
134 28000769
134 27838983
134 27889671
134 41867265
134 41804289
134 41705479
134 55995393
134 55932417
134 55952897
134 94653953
134 94674433
134 94817287
134 81833985
134 81854465
134 81997319
135 2983942
135 2884103
135 2959879
135 105020934
135 105071622
135 105096198
135 115486214
135 115536902
135 115561478
141 54426113
141 54501889
141 54296577
141 80403457
141 80460289
141 80441345
141 92961793
141 93018625
141 92999681
141 121798145
141 121779201
141 121858562
141 112641025
141 112622081
141 112701442
142 3198977
142 3159555
142 3180547
142 42182657
142 42060289
142 42143235
142 71223809
142 71101441
142 71184387
142 61543425
142 61421057
142 61504003
143 30631426
143 30652418
143 30505477
143 102193157
143 102017541
143 102117382
145 10284036
145 10264068
145 10324484
145 21086723
145 21010948
145 20990980
148 80140289
148 80120321
148 80180737
148 124396545
148 124476417
148 124456965
149 41343489
149 41358852
149 41378820
149 31139841
149 31155204
149 31175172
149 62012417
149 62027780
149 62047748
149 51547137
149 51562500
149 51582468
149 103003140
149 102788612
149 102963205
150 2636803
150 2656771
150 2621959
153 10606593
153 10733060
153 10505736
153 20810241
153 20828675
153 20936708
153 93021185
153 93039619
153 92940810
153 117352961
153 117371395
153 117318666
154 72370178
154 72513031
154 72533513
156 81931781
156 81952263
156 81998343
157 2918404
157 2938886
157 2984966
161 20729858
161 20775938
161 20762626
163 31402497
163 31437828
163 31417349
163 54949377
163 54984708
163 54964229
163 48146945
163 48182276
163 48161797
163 63059969
163 63095300
163 63074821
163 80101380
163 80215047
163 79979527
164 3181059
164 3160580
164 3216391
167 21475329
167 21347331
167 21268996
168 10803715
168 10833411
168 10819075
170 79613441
170 79643137
170 79628801
170 93218305
170 93248001
170 93233665
170 120719361
170 120738305
170 120818177
171 39512065
171 39546372
171 39567365
171 54686721
171 54721028
171 54742021
171 47361025
171 47395332
171 47416325
171 64367105
171 64401412
171 64422405
171 105334791
171 105153031
171 105359367
172 2655747
172 2676740
172 2636806
175 20206081
175 20428291
175 20303875
176 31155202
176 31030786
176 31055362
178 10733057
178 10587140
178 10733576
178 81228292
178 81263623
178 81026567
178 122304516
178 122339847
178 122364935
178 93786628
178 93821959
178 93847047
179 2999811
179 2884103
179 2938887
182 62425603
182 62450691
182 62507011
185 80644097
185 80623617
185 80734215
185 93464065
185 93554183
185 93363207
185 122333703
185 122404871
185 122416647
186 3159554
186 3406856
186 3198984
186 31416322
186 31285254
186 31401480
186 20951042
186 20819974
186 20936200
188 10470918
188 10263046
188 10282502
192 77502978
192 77522434
192 77562370
192 113929218
192 113909250
192 113989635
192 119946754
192 120007171
192 119803912
194 2655745
194 2621959
194 2636809
194 30650881
194 30528513
194 30617095
194 40592897
194 40470529
194 40559111
194 61000193
194 60877825
194 60936710
194 50796545
194 50674177
194 50717702
195 20413446
195 20428296
195 20248072
195 91809285
195 91793925
195 91935752
200 122041860
200 122078215
200 122105351
200 114174467
200 114192900
200 114229255
201 2898434
201 2980354
201 2938371
203 10525697
203 10545665
203 10586113
203 52648961
203 52668929
203 52447233
204 31174145
204 31029763
204 31056899
204 41377793
204 41233411
204 41260547
204 62046721
204 61902339
204 61929475
205 20302850
205 20413955
205 20254726
207 80527361
207 80692228
207 80631813
207 94393857
207 94558724
207 94425607
207 122650625
207 122553348
207 122682375
207 113755137
207 113657860
207 113524743
207 133900801
207 133932551
207 133853191
208 3248643
208 3188228
208 3220998
208 105808899
208 105675782
208 105858566
211 56038401
211 55965699
211 55886339
212 25013762
212 24936450
212 25123843
214 122104326
214 122085894
214 122141190
214 81464324
214 81416709
214 81289222
214 41868289
214 41881602
214 41695748
215 3421185
215 3497475
215 3449860
216 10299906
216 10252291
216 10239493
218 49497601
218 49370114
218 49351682
219 25019905
219 25153026
219 24980482
220 94051841
220 93901314
220 94034946
220 84543489
220 84633089
220 84482562
220 112889345
220 112738818
220 112872450
221 18422785
221 18582018
221 18472456
221 64336897
221 64470529
221 64367618
222 121555975
222 121373191
222 121579527
222 55733761
222 55624199
222 55811079
223 2960902
223 2973702
223 2884103
229 81004039
229 81081863
229 81210375
229 42652673
229 42544135
229 42488327
229 49193473
229 49084935
229 49029127
229 121819143
229 121634823
229 121841159
229 93301255
229 93116935
229 93245447
230 3243526
230 3146247
230 3224074
236 81975812
236 81837572
236 81927685
236 121867780
236 121868302
236 121814031
236 53380097
236 53457924
236 53319684
236 93225988
236 93087748
236 93088270
237 3485699
237 3437572
237 3669007
240 43467777
240 43378186
240 43323915
240 106693130
240 106901003
240 106933771
241 18730506
241 18843659
241 18640395
250 107162625
250 107195393
250 106968065
251 79339521
251 79355393
251 79372290
251 96083969
251 96099841
251 96116738
251 113907714
251 113923075
251 113939460
252 2975233
252 2990594
252 3006979
252 33062913
252 33078274
252 33094659
252 41173505
252 41188866
252 41205251
253 49822721
253 49839106
253 49869317
254 57688065
254 57718276
254 57743364
255 66090499
255 66115587
255 66200068
255 125219843
255 125244931
255 125225483
258 81670657
258 81726984
258 81532424
258 94546952
258 94614536
258 94399496
259 3424775
259 3498503
259 3668488
259 21216263
259 21027847
259 21095431
266 12302337
266 12176897
266 12154370
266 49977345
266 49851905
266 49900033
266 84649473
266 84435457
266 84626946
266 108719617
266 108767745
266 108697090
266 121539585
266 121587713
266 121517058
267 2735617
267 2663938
267 2697731
267 72853505
267 72781826
267 72815619
267 97446913
267 97409027
267 97298950
268 61270017
268 61303810
268 61193733
269 24413185
269 24599557
269 24413192
270 41867268
270 41680903
270 41753610
273 119538695
273 119720455
273 119753735
274 2959363
274 2884615
274 2924551
277 41753603
277 41786883
277 41868292
280 120205313
280 120271880
280 120246792
280 79059969
280 79129089
280 79083009
280 96135169
280 96089089
280 96112641
280 113141249
280 113118721
280 113207816
281 3433476
281 3668488
281 3461640
281 24102916
281 23965703
281 24075784
281 59423236
281 59311111
281 59286023
281 35876356
281 35764231
281 35739143
281 47911428
281 47799303
281 47774215
285 16640003
285 16750084
285 16543236
288 93463553
288 93516292
288 93538308
288 80643585
288 80615428
288 80696324
288 121249284
288 121271300
288 121294343
288 114446852
288 114468868
288 114429957
288 133306372
288 133329415
288 133408263
289 2648579
289 2729475
289 2751491
289 31166979
289 30985731
289 31007747
292 16579073
292 16530434
292 16561666
292 58179073
292 58130434
292 58161666
292 69429249
292 69380610
292 69411842
293 49496577
293 49527809
293 49345026
294 24489985
294 24599554
294 24394242
294 40449537
294 40476161
294 40559106
295 81168897
295 81228292
295 81263623
295 121519620
295 121554951
295 121374727
295 94773761
295 94833156
295 94868487
295 114717188
295 114752519
295 114572295
295 133590023
295 133671943
295 133616647
296 2999811
296 2978310
296 2884615
296 32040963
296 32076294
296 32019462
299 62425603
299 62507523
299 62630915
302 80615428
302 80559111
302 80648712
302 122682375
302 122556426
302 122651658
302 51548673
302 51574276
302 51607560
302 94163975
302 94253576
302 94284809
302 104367623
302 104488457
302 104471562
303 3433475
303 3466759
303 3668488
306 16548356
306 16750085
306 16579589
309 122033155
309 122128387
309 122050052
310 33756161
310 33585665
310 33568770
311 2696193
311 2728449
311 2745346
311 49790465
311 49560577
311 49655809
312 40943617
312 40962050
312 40978434
312 57426433
312 57444866
312 57461250
312 106352129
312 106370562
312 106386946
313 66078721
313 66095105
313 66226180
314 75644931
314 75660803
314 75586563
314 84033027
314 83958787
314 83904003
317 17012225
317 16842753
317 16903175
317 25122817
317 24953345
317 25013767
317 121294855
317 121322503
317 121110535
317 93239809
317 93300231
317 93065735
317 114693633
317 114754055
317 114781703
318 2884103
318 2929159
318 2942984
318 50392070
318 50419718
318 50501639
324 81419265
324 81433090
324 81465858
324 95561218
324 95593986
324 95610882
324 121250818
324 121347586
324 121311751
325 3204609
325 3237377
325 3254273
325 26228225
325 26260993
325 26277889
326 33402885
326 33416710
326 33494535
326 50147333
326 50161158
326 50238983
326 58781189
326 58795014
326 58872839
326 108491781
326 108505606
326 108424199
331 89929217
331 90109954
331 90094083
332 97174017
332 97158146
332 97195010
333 2708481
333 2745345
333 2692610
333 55558657
333 55333377
333 55542786
334 47432193
334 47304705
334 47240197
334 66269697
334 66142209
334 66077701
335 39129604
335 39145476
335 39250949
335 108200964
335 108216836
335 108031492
339 75216897
339 75010049
339 75125762
339 83327489
339 83120641
339 83236354
339 122572289
339 122627585
339 122555394
340 2914817
340 2989057
340 2968066
340 65707009
340 65781249
340 65760258
340 94037505
340 94016514
340 93902342
341 18927617
341 19118084
341 18996229
341 57126401
341 57054724
341 57012229
342 46327811
342 46228484
342 46205956
345 9687042
345 9503237
345 9546245
346 122048516
346 122077703
346 122158087
346 92964356
346 93007364
346 93036551
346 81452548
346 81495556
346 81524743
346 112106500
346 112135687
346 111953927
346 104999428
346 105042436
346 105071623
347 3224067
347 3267075
347 3200519
350 43325955
350 43354627
350 43492356
350 65303043
350 65383427
350 65331715
353 80382465
353 80406020
353 80443908
353 121520132
353 121608718
353 121554959
353 95033857
353 95057412
353 95095300
354 31401473
354 31218691
354 31256579
355 2700802
355 2738690
355 2652675
357 43467777
357 43380234
357 43513355
357 62828545
357 62741002
357 62874123
358 18657802
358 18733066
358 18844171
367 108136449
367 108211713
367 108029441
368 42129409
368 42187777
368 41957889
368 80647681
368 80679937
368 80695299
368 121509891
368 121526276
368 121607686
368 96083969
368 96116225
368 96131587
369 3251714
369 3187715
369 3268099
369 33077762
369 33275907
369 33094147
369 49560578
369 49758723
369 49576963
371 57607681
371 57425921
371 57507331
372 24860677
372 24674823
372 24690699
372 65879554
372 65852419
372 65906179
374 107714049
374 107505665
374 107612677
375 93746180
375 93762056
375 93620744
375 121354248
375 121293832
375 121113608
377 2697730
377 2713606
377 2621959
379 41696772
379 41757188
379 41867269
383 49977857
383 49854977
383 49903617
383 111862273
383 111910913
383 111886849
383 80989697
383 80776193
383 80752129
383 122850817
383 122899457
383 122875393
384 2902017
384 2998273
384 2926082
384 74328065
384 74424321
384 74352130
384 99279361
384 99240451
384 99316742
384 86982657
384 86910466
384 86943747
384 132020742
384 132100102
384 132019725
385 12344833
385 12378114
385 12564998
385 61793793
385 61827074
385 61641221
386 24674817
386 24751108
386 24861701
387 41757187
387 41867780
387 41680903
390 80926212
390 81001479
390 80766471
390 121554439
390 121581575
390 121614344
391 3220995
391 3406856
391 3185672
394 41756163
394 41783299
394 41866757
397 80275969
397 80367618
397 80436738
397 94142465
397 94303234
397 94257154
398 111047681
398 111070209
398 111091719
399 2640899
399 2621959
399 2692103
399 23833603
399 23706118
399 23814663
399 59153923
399 59026438
399 59103750
399 35607043
399 35479558
399 35501574
399 70665731
399 70538246
399 70615558
402 12826116
402 12634116
402 12618245
405 81705473
405 81689602
405 81743365
405 121249797
405 121291271
405 121112583
405 92955649
405 92939778
405 92993541
405 114708997
405 114692614
405 114750471
405 103682561
405 103720453
405 103704070
406 2937857
406 2991620
406 2926597
406 39043585
406 38835204
406 39032325
407 30724611
407 30921732
407 30708228
410 58393089
410 58441729
410 58424834
411 24935425
411 25010177
411 25123330
411 50052609
411 49865217
411 49894913
412 41344513
412 41402369
412 41370114
412 79600641
412 79568386
412 79433223
412 122341383
412 122159111
412 122364935
412 94775297
412 94870023
412 94687751
412 133853191
412 133933063
412 133876743
413 3171329
413 3244038
413 3406856
413 32997889
413 32862726
413 32808454
414 16379909
414 16325637
414 16488455
419 81400837
419 81318408
419 81302536
419 122395144
419 122379272
419 122160136
419 53640194
419 53667845
419 53585416
419 93353480
419 93337608
419 93380616
421 2649091
421 2621959
421 2715143
424 17012228
424 16843268
424 16826884
427 108938241
427 108921857
427 108954114
427 100827649
427 100811265
427 100843522
427 122820610
427 122835971
427 122855428
428 2992641
428 2942466
428 3008002
428 50609665
428 50821634
428 50625026
428 42237441
428 42449410
428 42252802
429 58932225
429 58735617
429 58755074
430 33115137
430 33146884
430 33233925
430 66604033
430 66691588
430 66635780
431 76633603
431 76577795
431 76707332
434 121372679
434 121550855
434 121582599
434 92854791
434 93032967
434 92802567
435 3171844
435 3236871
435 3203591
435 25149444
435 25008134
435 24952327
439 16635906
439 16580099
439 16546819
441 121511937
441 121608705
441 121526786
441 78587393
441 78554113
441 78604289
441 94808577
441 94775297
441 94825473
442 49977345
442 49839105
442 50020868
442 32971265
442 32833025
442 33014788
442 58611201
442 58472961
442 58654724
442 108183553
442 108228613
442 108213767
443 2664963
443 2621959
443 2690055
443 66242051
443 66105348
443 66090502
446 25029121
446 25014275
446 25122820
447 89376258
447 89290755
447 89326595
449 81703425
449 81739265
449 81588225
450 2914823
450 2884103
450 3006471
450 37839878
450 37820422
450 37876742
450 56154118
450 56134662
450 56227334
450 113190406
450 113170950
450 113001478
450 122085894
450 122066438
450 121896966
456 84544513
456 84636161
456 84429825
456 74602497
456 74694145
456 74487809
456 122049537
456 122105345
456 122032130
456 112892417
456 112948225
456 112875010
456 103473665
456 103529473
456 103456258
457 18948609
457 18927106
457 19106311
457 3250689
457 3229186
457 3146247
457 66042881
457 66021378
457 65904646
457 94560769
457 94539266
457 94422534
458 57125889
458 57009157
458 57042950
459 46054405
459 45931525
459 46132232
463 120497153
463 120480260
463 120509448
464 3485699
464 3530243
464 3409927
464 74911747
464 74956291
464 74888199
467 43440132
467 43492356
467 43327492
467 66202116
467 66254340
467 66089476
2 7646724
2 7607814
2 121522695
2 121376775
2 87183364
2 87248903
2 76698628
2 76718084
2 76679174
2 115505159
6 20689922
6 20532227
6 30631938
6 30474243
6 30432259
8 10590209
8 10548225
8 10569729
9 64076807
9 64061959
9 64107016
9 42653192
9 42706440
9 42483720
9 53596679
9 53641736
9 53694984
9 73757191
9 73742343
9 73840648
9 123729415
9 123714567
9 123633162
16 122324995
16 122304003
16 122365443
16 114694657
16 114737667
16 114716675
17 3480577
17 3522562
17 3441667
17 30690305
17 30753282
17 30732290
17 51098113
17 50898946
17 50877954
18 40695297
18 40735745
19 73036289
19 72896513
19 72976389
19 62249477
19 93827585
19 93645317
19 93625349
19 104292865
19 104110597
19 104090629
20 20768776
20 83441668
24 124411908
24 124432391
24 124514823
28 20689409
28 51300353
28 28015105
28 41096705
28 69876225
29 10471939
29 10284550
29 10325510
31 122421255
31 122625031
31 93641735
35 41518595
35 62507523
36 21084674
36 21199363
37 10734082
37 10592261
38 122571268
38 122602504
38 122681864
38 92716036
38 92745220
38 92699653
38 79111172
38 79140356
38 79094789
39 3499011
39 3528195
39 3482628
42 50294785
42 50129924
42 65228289
42 65207809
42 65042948
43 41757699
43 41866756
43 41893892
43 31292419
43 31401476
43 31428612
46 81138689
46 81171463
46 81222151
46 121775111
46 121861132
46 113664519
46 113647111
47 2681350
47 2732038
47 2714630
47 16547846
47 16598534
47 16581126
53 33495553
53 33509895
53 33384455
53 59397121
53 59330565
53 59411463
53 50501633
53 50435077
53 50515975
53 41867777
53 41801221
53 41882119
53 69077505
53 69010949
53 69091847
54 3160070
54 3146247
54 3214858
58 103502338
58 103321602
60 10734081
60 10540548
60 80658436
60 80669700
60 80692228
60 122291716
60 122305028
60 122400776
60 94001668
60 94035460
61 3476483
61 3487747
61 3510275
64 38742020
64 38619140
64 38642180
64 44497924
64 56009732
64 55945732
64 55886852
64 62812164
64 62748164
64 62689284
68 10470913
68 10243588
68 10471432
68 111843337
68 93504520
68 121523721
69 2656259
69 2621959
69 2677767
72 20675076
72 20508676
75 121785346
75 121843715
76 2961409
76 3003905
76 2917891
76 31521793
76 51929089
77 42830337
77 64505857
77 64545793
77 64663554
78 73940993
78 74002436
78 94610433
78 94409732
78 94429700
79 20675588
79 20447243
79 20526091
79 82374659
79 82394627
79 82355209
82 113995271
82 113929224
82 124198919
82 124132872
83 3179527
83 3258375
83 3406856
88 104053249
88 103987202
89 94830081
89 94867457
89 94849025
90 20674561
90 20466689
90 20486657
90 60965889
90 61020161
90 61040129
91 2656773
91 2675718
91 2715654
91 30651909
91 30408710
91 40855557
91 40874502
91 50797573
91 50816518
96 20728321
96 20768257
96 20748289
97 30617089
97 30631938
97 30505991
97 51024385
97 40820737
97 61489665
97 81831941
97 82048007
97 81865735
98 2898433
98 2884103
98 2896391
99 10733574
99 10745862
99 10513417
102 104025090
102 104052226
104 80369668
104 80405508
104 80417796
104 121245188
104 121111559
104 121295367
104 94272004
104 94284292
104 94297092
104 114429956
104 114442756
104 114309127
105 3187715
105 3223555
105 3235843
105 9466883
105 9502723
105 9515011
108 24752643
108 24860677
108 24677895
108 43066883
108 43088899
108 43174917
108 49346051
108 49368067
108 55965187
108 55886851
108 55908867
111 121878529
111 121815560
111 121895432
111 81586689
111 81714180
111 81726468
111 92836865
111 92964356
111 92976644
112 112337411
112 112214535
113 2700802
113 2713090
113 2652675
115 43467777
115 43325444
115 43354628
115 49746945
115 49604612
115 49633796
116 18843652
119 80178183
119 79955463
119 120992775
119 121110023
119 121032199
119 95091207
119 94946311
119 95130631
119 68815361
119 68928007
119 113928711
119 113783815
119 113968135
120 2996230
120 2884615
120 2937863
126 60705793
126 60759041
126 60798465
126 120772103
126 120587783
126 80904705
126 80944129
126 80924673
126 94771201
126 94791169
126 111555073
126 111614983
126 111430663
127 3421186
127 30913537
127 30893058
127 30770182
127 51038722
127 50915846
127 41117185
127 41096706
127 40973830
128 20951041
128 20828165
129 10257925
129 10285061
129 10312709
133 81683969
133 81711105
133 81738753
133 121506817
133 121623041
133 121582593
134 28000257
134 27838471
134 27860999
134 41866753
134 41801730
134 41704967
134 55994881
134 55929858
134 56095239
134 115582466
134 115485703
134 115508231
134 94651394
134 94816775
134 94839303
135 2721798
135 2744326
135 2621959
136 103712261
136 103734789
136 103791621
141 54163969
141 54217729
141 54237697
141 65675777
141 65729537
141 65749505
141 94770689
141 94790657
141 94850561
141 121798657
141 121816071
141 121895431
141 112379905
141 112341511
141 112397319
142 2917889
142 2897923
142 2978822
142 30651393
142 30631427
142 30450182
142 40855041
142 40835075
142 40653830
142 71465985
142 71446019
142 71526918
143 20689410
143 20508165
143 20563973
145 10304515
145 10471940
148 51809793
148 51884033
148 51864065
148 80401921
148 80381953
148 80442369
148 120995329
148 121082372
148 121055749
149 3160068
149 3180036
149 3406856
149 41284099
149 31053828
149 61953027
152 106665985
152 106627586
152 106643971
153 10608129
153 10732548
153 10505223
153 20811777
153 20828162
153 20936196
153 93022721
153 93039106
153 92959239
154 73154561
154 73297414
154 73336838
155 81669637
155 81709061
155 81690632
157 2656259
157 2695683
157 2677254
160 20468227
160 20513795
160 20530179
160 40876035
160 40659459
160 40675843
163 31401985
163 31259143
163 54687233
163 54702597
163 54544391
163 63059457
163 62916615
163 48146433
163 48003591
163 80184839
164 2898948
164 3002886
164 2884103
168 10851842
168 10995203
170 64106497
170 64177153
170 64206849
170 79631361
170 93236225
170 120770567
170 120587271
170 103945217
170 103974913
170 103963137
171 3179012
171 3198980
171 3160071
171 39566340
171 39402502
171 54740996
171 54577158
171 48703492
171 48723460
171 48559622
175 20303362
175 20412932
175 30507010
175 30534658
175 30631939
177 80743432
177 80770056
177 80820232
177 121296904
177 121323528
177 121111560
177 95133704
177 94898184
177 94948360
178 10732545
178 10733064
178 10526216
179 2621959
179 2677255
179 2656775
185 82475521
185 82455041
185 82566151
185 96080385
185 96171015
185 95979015
185 121810951
185 121881095
185 121634823
185 112392199
185 112200199
185 112216071
186 2897921
186 2884103
186 2956807
186 31416321
186 31285766
186 31402503
186 20951041
186 20820486
186 20937223
187 10471942
187 10282502
187 10302470
192 77784065
192 77804033
192 77764610
192 113647617
192 113667586
192 113688578
192 121778178
192 121799170
192 121838594
192 105255425
192 105275393
192 105295362
192 134095874
192 134135298
192 134193671
193 3198977
193 3258369
193 3179010
193 40612865
193 40410113
193 40431105
193 50816513
193 50613761
193 50634753
194 30616583
194 30631944
194 60936197
194 60965895
194 71727105
194 71663109
194 71708168
194 91808773
194 91935753
194 91893770
195 20412934
195 20428295
199 121780229
199 121843720
199 121816584
201 2636801
201 2718722
201 2656259
202 10567681
202 10505218
202 10525698
203 52628481
204 20564483
204 20675076
204 20455943
204 31140356
204 41344004
204 61984259
207 94392833
207 94608391
207 80526337
207 80631812
207 80559111
207 122649601
207 122603015
207 113754113
207 113707527
208 2926595
208 2959366
208 2976774
208 105152518
208 105335302
208 105257990
211 25013763
211 24936451
211 24953859
214 122104325
214 122141701
214 122158087
214 81289221
214 81326597
214 41867777
214 41910277
214 50763265
214 50777090
214 50805765
215 3159553
215 3188228
215 3175430
216 10311173
219 25013250
219 24962562
219 93901314
219 94084610
219 94033922
219 113000450
219 113183746
219 113133058
221 18581506
221 18594818
221 121555976
221 121373704
221 121579528
221 81002504
221 81189896
221 81210888
221 55209986
221 55223298
221 55100936
221 64367106
221 64380418
221 64258056
223 2699782
223 2720774
223 2621959
223 9502214
223 9523206
223 9686535
229 81004551
229 81082375
229 81025543
229 42913793
229 42806279
229 42827271
229 53640705
229 53533191
229 53554183
229 122081287
229 121896967
229 122102279
229 93301767
229 93117447
229 93322759
230 2884103
230 2926090
230 2962442
236 82201092
236 82237444
236 82262020
236 122030084
236 122129412
236 122129934
236 92964356
236 92988932
236 92826116
237 3187715
237 3224067
237 3248643
240 24891905
240 24673803
240 24861196
240 43511819
240 56026113
240 55936522
240 56070155
240 106826763
240 106706443
241 18656266
250 107088385
250 107104770
251 41344001
251 41402881
251 41172993
251 113907201
251 113922563
251 113939972
252 2990082
252 3007491
252 2884103
252 33077762
252 33095171
252 33111555
252 49560578
252 49577987
252 49594371
254 57426945
254 57443329
254 57456644
255 66352131
255 66377219
255 66400259
255 124696579
255 124721667
255 124744707
255 74724355
255 74749443
255 74772483
258 81604103
258 94424071
258 106197511
258 106320392
258 106387976
259 3145735
259 3163143
259 3236871
259 21198855
265 121300993
265 121348097
265 121278466
266 3187714
266 3258882
266 3221507
266 12177409
266 12083202
266 49852417
266 49900545
266 50020354
266 84649985
266 84435969
266 84555778
266 108720129
266 108768257
267 73043969
267 73115137
267 73077762
267 97708545
267 97671170
267 97550854
268 24675329
268 24861190
268 24674825
268 61304321
268 61184005
268 61228038
269 42128901
269 42204680
269 42018827
273 114567687
273 114753031
273 114782727
274 2884103
277 41757187
277 41867780
280 120205825
280 120242695
280 120064519
280 80891393
280 80961025
280 80914433
280 96135681
281 3172356
281 3146247
281 3200008
281 24103428
281 23961606
281 24077319
281 59685380
281 59543558
281 59627526
281 35876868
281 35735046
281 35767302
281 47911940
281 47770118
281 47802374
285 16897538
285 17013251
285 16804868
287 78550530
287 78522373
287 78618629
287 121526277
287 121621511
287 121555976
287 95033346
287 95101445
287 95068678
287 131468293
287 131563527
287 131497992
288 3461633
288 3433476
288 3529732
289 31001091
289 30968324
292 16578561
292 66027521
292 65979394
292 66010626
293 49234945
293 49266177
293 49148929
294 24505345
294 24599042
294 40464897
294 114753537
294 114570241
294 114780161
295 81263111
295 81083399
295 121554439
295 121581575
295 94867975
295 94688263
295 89017857
295 89112071
295 88932359
295 133589511
296 2716678
296 2622471
296 2648074
296 32075782
296 32102918
302 80353284
302 80297479
302 80249863
302 122634759
302 122555914
302 51548161
302 51573764
302 51470343
302 94116359
302 94253064
302 104582151
302 104472073
303 3171331
303 3146247
303 3204615
306 16489988
306 16286212
306 16301573
309 122032643
309 122050564
309 97654273
309 97669634
309 97685506
310 3481601
310 3497473
310 3512834
310 33307649
310 33323521
310 33338882
311 41187841
311 41283585
311 41205762
311 49298433
311 49394177
311 49316354
312 57165313
312 57183234
312 57330693
312 106352641
312 106184709
313 66340353
313 66487812
313 66503684
314 75573763
317 17011713
317 25122305
317 114782215
317 121818119
317 121846279
317 121895943
318 2622471
318 2681351
318 2667527
318 50420230
324 81433089
324 81465345
324 95822849
324 95855105
324 95897601
324 121275905
325 3170820
325 3146247
325 33341953
325 33520644
325 33402885
325 26456580
325 26338821
325 49824769
325 49921537
325 50003460
325 71802369
325 71636993
325 71718916
326 58898947
326 58781188
326 58764805
326 108491780
326 108475397
326 108420102
329 16118786
329 16228355
329 16063491
330 90161153
330 90105858
330 89929218
331 81733633
331 81556993
331 81758722
332 3530241
332 3476482
332 3449863
332 53240321
332 53448706
332 53336578
332 97195009
332 97040385
332 97141250
333 66268673
333 66156545
333 66142210
333 121361409
333 121347074
333 121333765
334 38657540
334 38770693
334 38606341
334 115591169
334 115577860
334 115526661
335 108252163
335 108182533
338 101398529
338 101380098
338 101435906
339 25122305
339 24983041
339 25154050
339 75010561
340 2653185
340 2727425
340 2706434
340 94299137
340 94278146
340 94369286
341 19118083
341 57054723
341 56955397
342 46327810
344 9686531
344 9503238
344 9546246
346 93037063
346 122310148
346 122339847
346 122419719
346 81525255
346 112136199
346 105072135
347 2962435
347 3005443
347 2884103
350 43326467
350 43352579
350 43437572
350 65303555
350 65329667
353 80644097
353 80631300
353 80667652
353 121609230
353 93987329
353 94010884
353 94048772
354 3187715
354 3224067
354 3261955
354 31444483
357 24891905
357 24674827
357 24750603
357 43380746
357 43512843
357 62741514
357 62873611
358 18657290
358 18843659
367 108397569
367 108473345
367 108291073
368 41867265
368 41696257
368 41925634
368 80647170
368 80694787
368 121509379
368 121526788
368 121544196
368 96083458
368 96131075
369 2941953
369 2989570
369 2926083
369 49774593
369 49560066
370 32815617
370 33014274
370 32833026
371 57346049
371 57164801
371 57182209
372 24753155
372 24862212
372 66114051
372 66091011
372 66170883
372 75009539
372 74986499
372 75066371
375 93821959
375 93642247
375 81972740
375 82048519
375 81868807
375 122863111
375 122683399
375 122924040
375 111874567
375 111694855
375 111814664
376 3482627
376 3498503
376 3668488
379 41756675
379 41866757
382 80680449
382 80539137
382 80578561
382 122924033
382 122701313
382 122850818
383 49977345
383 132007937
383 132056577
383 132032513
384 2736129
384 2664450
384 2640899
384 74423809
384 74328579
384 99278849
384 86982145
385 61532161
385 61508610
385 61565442
386 24880129
387 12826116
387 12639751
387 12826635
387 41867268
390 80819719
390 121372679
390 114228743
390 114046983
390 114255879
391 2959363
391 2884103
391 2925575
394 41867780
397 80369153
397 80386049
397 80273921
397 121612289
397 121513986
397 121557511
397 94252545
397 94140417
397 94304258
398 3255809
398 3163651
398 3406856
398 24448001
398 24617987
398 24491526
398 33081857
398 33251843
398 33125382
398 110002177
398 110045702
398 109847559
399 59676674
399 59550213
399 59614214
401 12563973
401 12372997
401 12410889
404 81852929
404 81810433
404 81831425
405 114709509
405 92956161
405 92994053
405 92977158
405 103683073
405 103720965
406 2730500
406 2664965
406 2713605
406 39097348
406 39293957
406 39080453
410 58654721
410 58703361
410 58685954
411 24934913
411 25122818
411 50052097
412 41082369
412 41140225
412 41108482
412 79600129
412 122367495
412 94774785
412 113969159
412 113786887
412 113914887
413 2909697
413 2982406
413 2884615
413 32736257
413 32601094
413 32546822
414 16489990
419 81400324
419 81416196
419 81342983
419 122419719
419 122297865
419 53641729
419 53667332
419 53683204
419 94686215
419 94661640
419 94777353
420 3433475
420 3449347
420 3668488
423 16750085
423 16548869
423 16581637
423 24860677
423 24659461
423 24692229
426 121610241
426 121512962
426 121527812
427 108954625
428 2746370
428 2648582
428 2621959
428 33880578
428 33900035
428 34044934
428 50644483
428 50789382
428 42272259
428 42417158
428 58997250
428 59016707
428 59161606
430 66748932
431 76690947
434 16750593
434 16531457
434 16635911
435 2884103
435 2975239
435 2941959
435 25123335
442 3268609
442 3406856
442 3213320
442 49884165
442 49869830
442 32878085
442 32863750
442 58518021
442 58503686
442 108214278
443 66091013
443 66198535
447 89376769
448 81965058
448 82000898
448 81984514
450 2653191
450 2621959
450 2727431
450 37839877
450 37858822
450 37820934
450 56154117
450 56173062
450 56135174
450 47781893
450 47800838
450 47762950
450 113190405
450 113209350
450 113171462
455 84429313
455 84653569
455 84544514
456 94299137
456 94316545
456 94277635
456 74864129
456 74938369
456 74955777
457 18893828
457 18995718
457 2967554
457 2934276
457 2884103
457 57125890
457 57092612
457 57009158
457 65988100
459 46104066
459 45943812
459 45966852
461 28937730
461 28960770
461 29047811
463 120508935
463 81154564
463 81190916
463 81235460
463 92964356
463 93008900
463 92941319
463 104476164
463 104520708
463 104549383
464 3187715
464 3224067
464 3268611
467 24654851
467 24751107
467 43492867
467 43326979
467 66254851
467 66088963
1 87098881
1 87273985
1 87123457
2 7626756
2 7711751
2 121589251
2 121609733
2 121522183
2 76849667
2 76959748
2 76979716
2 134147587
2 134168069
2 134102023
5 98062338
5 98236932
5 98195460
6 20270083
6 20228611
6 20249603
6 30473731
6 30453251
7 108702210
7 108660738
7 108681730
9 63799815
9 63819783
9 63844872
9 42652680
9 42725896
9 53334535
9 53379592
9 53452808
9 74788359
9 74808327
9 74906632
9 123714055
9 123471879
9 123612169
16 114433025
16 114455042
16 114476035
16 124658690
16 124679683
16 124699651
17 3260929
17 3200514
17 3180034
17 40674305
17 40876034
17 40855554
17 50877953
17 51079682
17 51059202
18 62329857
18 62309377
18 62149121
19 31403013
19 31450632
19 31214088
19 20937733
19 20723208
19 20748808
19 72970756
19 73050120
19 73075720
19 83174404
19 83253768
19 83279368
19 93639684
19 93719048
19 93744648
23 121517572
23 121554440
23 121374728
24 3455491
24 3481091
24 3521027
27 28035073
27 27832833
27 28015106
27 41116673
27 40914433
27 41096706
27 61523969
27 61583873
27 61504002
28 20675076
29 10471427
29 10244614
31 80362500
31 80266756
31 122651652
31 93609988
31 93725701
31 114978820
31 115064324
31 114833927
32 2918915
32 2999811
32 2898436
35 21213185
35 20991489
35 21082627
35 62551041
35 62591489
35 106200067
35 106404355
35 106375171
36 10733571
36 10563078
36 10592262
36 31315458
36 31286274
36 31402499
38 122601991
38 122681863
38 92977668
38 93006852
38 92961285
38 78064644
38 78093828
38 78048261
39 3237379
39 3266563
39 3220996
42 50129411
42 65042435
43 41757186
43 41785346
43 41893891
43 31291906
43 31320066
43 31428611
45 80877057
45 80909832
45 80958984
45 121773576
45 121789960
45 121816591
45 95299592
45 95348744
45 95315976
46 16750081
46 16547847
46 16596999
47 2730502
47 2697734
53 33495041
53 58611713
53 58626567
53 58501127
53 41867265
53 41756679
53 50501121
53 50390535
53 66983937
53 66998791
53 66873351
54 2898438
54 2884103
54 2953226
60 10733569
60 122341895
60 94263300
60 94274564
60 94297092
61 3214851
61 3226115
61 3248643
64 38619139
64 38642179
64 38728708
64 44375043
64 44398083
64 44484612
64 55886851
64 55964675
64 55909891
64 62689283
64 62767107
64 62712323
67 81586177
67 81626113
67 81669125
67 121616385
67 121394177
67 121373192
67 93359617
67 93399553
67 93378568
68 3440644
68 3669000
68 3502600
68 10243076
68 10305032
68 111954439
68 112080392
68 112104969
68 132623879
68 132574729
68 132547594
72 20413444
72 20247044
72 20229125
75 121847810
75 121820675
76 2937858
76 51991553
77 42968065
77 42807297
77 64683521
77 64522753
77 96602625
77 96704001
77 96687105
78 30913537
78 30879237
78 30893578
78 82716673
78 82636292
78 82656260
78 74082817
78 74022404
79 20937220
79 20951561
79 20825098
82 113966599
82 113786887
82 124170247
82 124252679
83 3160069
83 3145735
88 10733570
88 10584066
88 10544642
88 104024577
88 103844865
89 80178689
89 80139265
89 80159233
89 122301441
89 122321409
89 122302472
89 94790657
89 94810625
90 3198977
90 3180038
90 3198983
90 61001222
90 61020167
90 40874497
90 40855558
90 40874503
90 51078145
90 51059206
90 51078151
90 71223809
90 71204870
90 71223815
91 30449158
96 20768769
96 20788737
97 30631426
97 30505479
97 51286017
97 51300354
97 51220997
97 61504002
97 82047495
97 93082117
97 93297671
97 93115911
98 2897921
99 10471942
99 10484230
99 10312713
104 80168964
104 80181764
104 79956999
104 121257988
104 94309892
104 94347271
104 114455556
104 114492935
105 3248643
105 3261443
105 3146247
105 9527811
105 9540611
105 9687559
108 55909891
108 62427651
108 62505987
108 62450691
111 81666053
111 121785352
111 93487620
111 93499908
111 93559304
112 3485699
112 3497987
112 3437572
115 43295236
115 49574404
116 18701827
116 18843140
119 80119303
119 64628737
119 64683015
119 64741895
119 95032327
120 2675718
120 2734598
120 2622471
126 30617601
126 30429185
126 30449153
126 60705281
126 60779009
126 60798977
126 80944641
126 80884738
126 120818184
126 93221377
126 93241345
126 93300743
127 3179521
127 3159554
127 3146247
127 41116673
127 51320321
127 51300354
127 51177478
128 20689409
128 20566533
128 20676102
129 10472453
129 10287628
133 81572865
133 81592833
133 121603073
134 3485191
134 3506695
134 3527687
134 105152006
134 105260551
134 105282055
134 115355654
134 115506695
134 55965190
134 56073735
134 94686726
134 94795271
140 121785857
140 121878529
140 121798658
141 43174913
141 43229185
141 43046913
141 54163457
141 54035457
141 64890369
141 64944641
141 64762369
141 112399361
141 112419329
142 2656257
142 2636291
142 2737158
142 30470150
142 71546886
142 81408001
142 81488902
142 81468422
142 91692550
142 91672070
142 91731974
143 20528133
143 20507653
145 10324483
145 10304003
145 10471428
148 62012929
148 62087681
148 62067713
148 51547649
148 51622401
148 51602433
148 82233345
148 82213377
148 82098692
149 2898436
149 2918404
149 2884615
149 31053316
152 106665473
152 106459139
153 10734083
153 10485767
153 20937731
153 20971015
153 92777474
153 92592642
153 92697607
155 81723911
155 121292295
155 121112583
155 121242632
156 3441156
156 3421700
156 3480580
160 20501506
160 20563458
160 10559490
160 10526211
160 10571779
160 40647170
160 40709122
162 48463361
162 48246785
162 48263169
162 80120833
162 80166401
162 80182785
162 122305537
162 122366977
162 122308104
163 31401473
163 31226375
163 54686721
163 54773767
163 63058945
163 63145991
163 94541831
163 94575111
163 94604295
164 2637316
164 2708486
164 2741766
168 10819074
168 10852354
168 10994691
170 47361537
170 47434241
170 47205377
170 64367617
170 64440321
170 64473601
170 79353345
170 79386625
170 79314948
170 93219841
170 93253121
170 93201413
170 120724481
170 120771079
170 120589319
171 2917891
171 2937860
171 2884103
171 40331779
171 40351748
171 40187910
171 57337859
171 57357828
171 57193990
174 20467201
174 20565507
174 20675588
175 30769154
175 30796290
175 30879235
177 81215492
177 81003527
177 81026567
177 122291716
177 122341895
177 122364935
177 95081988
177 95132167
177 95155207
178 3248643
178 3200007
178 3180039
178 10312707
178 10264071
178 10244103
181 55886851
181 55909891
181 55965699
184 81690113
184 81670145
184 81586689
184 93463553
184 93360129
184 93555208
184 122140161
184 122073096
184 122158600
185 31139841
185 31154690
185 31024647
185 20936193
185 20951042
185 20820999
185 112392711
186 2636289
186 2621959
186 2695175
187 10471430
187 10322438
192 78045697
192 78085633
192 78065665
192 121778177
192 113667585
193 2937345
193 2917377
193 2884103
193 40592897
193 61020161
193 61000193
193 60838401
193 50796545
194 30508037
194 30617606
194 20304389
194 20413958
194 20428296
194 71584261
194 71648261
194 91992069
194 91793925
199 81469955
199 81448452
199 81408005
199 121817095
199 121637383
199 114173955
199 114192901
199 114229767
200 3160066
200 3241474
200 3219971
202 10545665
202 10525186
202 52407297
202 52366850
202 52386818
203 41378305
203 41398273
203 41197057
204 20564994
204 20674564
204 20519942
204 30768642
204 30878212
204 30723590
204 61902850
204 61985282
204 61951491
206 80788993
206 80957444
206 80893445
206 123173889
206 123080196
206 123128328
207 105812483
207 105860615
207 105781255
208 2728962
208 2664963
208 2697734
210 57869825
210 57719812
210 57902596
211 25015811
214 82463236
214 82335749
214 82373125
214 41867265
214 41881601
214 41910276
214 50762753
214 50777089
214 50805764
215 2926595
215 2913798
215 2985478
215 10252291
215 10239494
215 10311174
218 25153027
218 25011203
218 24962563
219 94082562
219 113181698
221 18582529
221 18594817
221 18472455
221 121555975
221 121373191
221 121579015
221 79955975
221 80142855
221 80156679
221 55211009
221 55223297
221 55100935
222 3222534
222 3236358
222 3406856
222 9501702
222 9515526
222 9686024
228 81068033
228 81049601
228 81004552
228 42589697
228 42651650
228 42544648
228 49672193
228 49653761
228 49715714
228 121883137
228 121864705
228 121819656
228 92841473
228 92823041
228 93040136
229 114755591
229 114571271
229 114776583
229 105336839
229 105152519
229 105357831
230 2621959
230 2652682
230 2700810
236 82189316
236 122043396
236 93002244
237 2914307
237 2962435
237 2987011
240 18685450
240 18731018
240 18656267
240 43278858
240 43324426
240 55837194
240 55882762
240 62901770
240 62685194
240 62738954
240 106855946
240 106901514
250 56331777
250 56256514
250 56348162
250 79617025
250 79633410
250 79601155
250 107137541
250 96623105
250 96639490
250 96607235
250 113645570
250 113678341
250 113520645
251 41343489
251 41402882
252 2680833
252 2745859
252 2657286
252 49775105
252 49751558
253 33095170
253 33268741
253 33124869
255 66496003
255 119987203
255 120012291
255 119802890
258 21198337
258 21198856
258 21216264
258 81604615
258 94424583
259 2884103
259 2901511
259 2975239
265 121562625
265 121609729
265 121540098
266 3187202
266 12082690
266 50019842
266 84555266
267 73043457
267 97570309
268 24413697
268 24599046
268 24413192
268 61203460
268 61227526
269 42128389
269 42204679
269 42169867
272 124771848
272 124695048
272 124722184
274 2697730
274 2662918
274 2621959
276 41908228
276 41757188
276 41784324
280 24076289
280 23924737
280 23878145
280 120299009
280 80937985
280 94827521
280 94780929
280 94804481
281 2910212
281 2884103
281 2910219
281 59684868
281 35764230
281 47799302
281 107422726
281 107244550
281 107451910
285 16635906
285 16751107
285 16515079
287 78586373
287 78602757
287 121510405
287 121555463
287 93499397
287 93515781
287 93531653
288 3171844
288 3235844
288 3252228
292 16530945
292 16640514
292 49497089
292 49527810
292 49344514
292 57869313
292 57900034
292 57716738
292 65979905
292 65827330
293 24672257
293 24751105
293 24860675
294 40558594
294 40615938
294 40446472
294 80907266
294 80999944
294 80821768
294 121552904
294 121374728
294 121581576
294 95035394
294 95128072
294 94949896
294 114750472
294 114572296
294 114779144
296 2621959
296 2622478
296 32074246
296 32186887
302 79568388
302 79512583
302 79464967
302 122667527
302 94149127
302 132362759
302 132315143
302 132347911
302 104352775
303 2909699
303 2884103
303 2942983
306 16489476
309 122033154
309 122049027
309 114429954
309 114445826
309 114461699
310 3219969
310 3235841
310 3251713
310 33339393
311 41204225
311 41224194
311 49314817
311 49334786
311 57425409
311 57504769
311 57445378
312 65555969
312 65702914
312 65645060
312 106371073
312 106198020
312 106404356
313 75906561
313 75848707
313 75792899
314 17013251
314 16793091
314 16842756
316 121556488
316 121584648
316 121608713
316 92978178
316 92931080
316 93038600
317 3499521
317 3432964
317 3452423
317 25148932
317 24906247
318 50527235
318 50546694
321 16272387
321 16379907
321 16488964
324 26430977
324 26228225
324 26260993
324 81465857
324 81316865
324 95855617
324 95706625
325 2992641
325 2909188
325 2884103
325 50086401
325 50265092
325 50147333
325 108169217
325 108230149
325 108213766
325 116541441
325 116602373
325 116585990
329 16227843
330 89928706
331 81556481
331 81721346
332 3231233
332 3268609
332 3215362
332 53465089
332 53330433
332 96896001
332 96933377
332 96778753
333 47170049
333 47029765
333 47100934
333 66269185
333 66128901
333 66200070
333 121282566
333 121264646
333 112438277
333 112387078
333 112369158
334 38919172
334 38990341
334 39032325
338 101380609
338 101435393
339 3437570
339 3512322
339 3491330
339 25153538
339 24966146
339 24945154
339 75125250
339 75200002
339 75179010
339 65968130
339 66042882
339 66021890
339 94037506
339 94016514
339 94107655
341 18856451
341 18733061
341 18843654
341 57012741
341 46327811
341 46228485
341 46204421
344 9479689
344 9687050
346 92940807
346 92854791
346 122368519
346 80644103
346 80478215
346 80558087
346 112164871
346 105333767
346 105151495
346 105362439
347 2938886
347 2926090
353 31402497
353 31444484
353 31218692
353 80692228
353 121506820
353 95319044
353 95343620
353 95356932
354 3248643
357 24674315
357 24860684
357 43512331
357 56026113
357 55939082
357 56070667
357 62773770
358 18656778
358 18843147
358 18672651
367 108412930
367 108428291
367 108444164
367 124926980
367 124945413
367 124958728
368 41605121
368 41434625
368 41664002
369 2680321
369 2728449
369 2744322
369 49560577
369 49576450
370 32832001
370 32998402
370 57425409
370 57607682
370 57591810
371 65718273
371 65702401
371 65554433
372 24861700
372 16642563
372 16751108
372 16564231
372 75008515
375 82049031
375 93222916
375 93299207
375 93118983
375 122863623
375 122851336
375 111875079
375 111862792
375 131759111
375 131841031
375 131746824
376 3220995
376 3146247
376 3236359
379 41757187
379 41868292
379 41744900
382 80990209
382 80941569
382 80776193
382 122851329
382 122899457
382 122875393
383 3521026
383 3425283
383 3449347
383 74685442
383 74589699
383 74613763
383 49568258
383 49734659
383 49758723
383 99278850
383 99240451
383 99119623
383 86982146
383 86910467
383 86943747
385 61508097
385 61565441
386 12563973
386 12378120
386 12444683
386 24860677
386 24674824
386 24741387
386 41804804
386 41866757
386 41680904
390 114220039
390 114266631
390 124423687
390 124512775
390 124470279
390 105257988
390 105324551
390 105151495
391 2697731
391 2622471
391 2662407
394 41747459
394 41794051
397 75919873
397 75942913
397 75990530
397 121514498
397 121372679
397 121556999
397 99751425
397 99799042
397 99780099
397 94257153
397 94304770
397 94285827
398 3256321
398 3237378
398 3164676
398 23663617
398 23644674
398 23834116
398 35437057
398 35418114
398 35607556
399 60012033
399 59939331
399 59889157
400 50258946
400 50130948
400 50152964
402 13088771
402 12892675
402 12879876
404 121524740
404 121511942
404 121553415
404 81702401
404 81689602
404 81756676
404 92952577
404 92939778
404 93006852
405 3461121
405 3528195
405 3450373
405 37473793
405 37278723
405 37463045
406 30737922
406 30922244
406 30708740
408 65196034
408 65244674
408 65261058
410 25272321
410 25383939
410 25180163
410 50127361
410 50156545
410 50238979
410 58499585
410 58528769
410 58582530
411 79774721
411 79861762
411 79830019
411 94687745
411 94774786
411 94870024
413 2648065
413 2720774
413 2621959
414 16488966
419 81400836
419 81318407
419 53640705
419 53667844
419 122395143
419 122338823
419 122419207
419 94661639
419 94867463
419 94685703
419 103033863
419 103239687
419 103057927
420 2910723
420 2926083
420 2884615
423 16900611
423 17013252
423 16810500
423 24749571
423 24862212
423 24659460
426 108938242
426 108954626
426 109033987
426 80125953
426 80158722
426 80141826
426 121251330
426 121330691
426 121266180
426 114694146
426 114710530
426 114789891
427 3500033
427 3483137
427 3516417
427 33849345
427 33832449
427 33865729
428 50689537
428 42055681
428 41991170
428 42155526
428 59061761
428 59104261
429 99812353
429 99657220
429 99828236
430 66691587
430 66765316
433 121543688
433 121555976
433 121372680
434 16750081
434 16628743
434 16641031
434 25122305
434 25000967
434 25013255
435 2621959
435 2713607
435 2680327
441 74924545
441 74891265
441 74941441
441 81203713
441 81170433
441 81220609
441 121571846
441 121603079
442 2884615
442 2951687
442 2988551
442 49915398
442 32972807
442 58549254
442 58579974
442 24505861
442 24491526
442 24600583
447 89160193
447 89190913
448 105287169
448 105269762
448 105170948
448 120985089
448 120868868
448 121039367
448 81965057
448 82001921
449 3494401
449 3529735
449 3438088
449 37768193
449 37839878
449 37803527
449 56867841
449 56677382
449 56641031
450 47745542
452 131504643
452 131468292
452 131523588
455 84636161
456 65968641
456 65936897
456 66042881
456 94278146
456 94244357
457 18927617
457 18982918
457 2706433
457 2672644
457 2621959
457 57126401
458 46365699
458 46192645
458 46228485
461 28924930
463 120509447
463 120530951
463 120562695
463 74627079
463 74663431
463 74461703
463 92977671
463 93038087
463 81167879
463 81204231
463 81002503
463 104489479
463 104549895
463 104571399
464 2939398
464 2975750
1 87183365
1 87074310
1 48678913
1 48703493
1 48723461
1 115355137
1 115592710
1 115484679
1 76895233
1 76959749
1 76979717
2 7691782
2 121610245
2 121541638
6 20250114
6 20289538
6 30453762
6 30493186
7 108943873
7 108983297
7 108963842
8 53497345
8 53718017
8 53602818
8 73905153
8 73863681
8 73748482
9 63806465
9 63769089
9 63899655
9 42576897
9 42707463
9 42652168
10 117958150
10 117712902
10 117913095
10 98596870
10 98613766
10 98715143
16 31401985
16 31213569
16 31233537
16 114511873
16 123145729
16 123088898
16 123109891
17 2999297
17 2918402
17 2884103
17 40695298
17 91431425
17 91452418
17 91472898
18 62169601
19 20937221
19 20971016
19 72969732
19 73035784
19 83435012
19 83501064
19 83515400
19 104103940
19 104209928
19 104229896
23 120994308
23 121028615
23 120851463
24 3179523
24 3193859
24 3219459
27 20689410
27 20561411
27 20674565
27 27887107
27 27915779
27 40968707
27 40997379
27 51300354
27 51172355
27 51201027
27 61376003
27 61460995
29 10470915
29 10298373
30 79108100
30 79054341
30 78958597
30 122651653
30 122625544
30 122421256
30 93759492
30 93609989
30 93846024
32 2711042
32 2657283
32 2636804
34 48705025
34 48609281
34 48684546
35 21198340
36 10733059
36 10593285
36 10546694
38 93007875
38 92961284
38 122572291
38 78094851
38 78048260
38 112630275
38 112600068
38 112659975
39 3005954
39 2959363
39 2975747
41 65751553
41 65767937
41 65731074
42 41922561
42 41880066
42 41757187
42 50252290
43 31414785
44 9687042
44 9451010
44 9483785
45 80999431
45 80765447
45 121814023
45 121842183
45 121636359
45 95389191
45 95417351
45 95211527
45 113703431
45 113731591
45 113525767
46 3204615
46 3253767
46 3220999
46 16637446
52 79340033
52 79389185
52 79356417
52 93729793
52 93778945
52 93746177
52 122558465
52 122574849
52 122646534
53 33494529
53 58611201
53 58546181
53 41866753
53 41801733
53 66983425
53 66918405
53 50238977
53 50173957
53 50254343
54 2636806
54 2621959
54 2691594
58 103763970
58 103583234
58 103788034
60 10733057
60 10569735
60 80480263
60 80503303
60 122364935
60 122419719
60 92955140
60 93039111
60 92800007
61 2953219
61 2982406
61 2884103
64 38564355
67 81586689
67 81605127
67 93360129
67 93378567
67 93465096
67 121616897
67 121373191
67 121523722
67 53641217
67 53592065
67 53674501
67 105395201
67 105413639
67 105521674
68 3179012
68 3201543
68 3406856
68 112216070
68 112366601
68 112345097
72 20207619
72 20412932
74 121785347
74 121804291
74 121820676
75 31924737
75 31740930
75 31783426
76 2699777
76 2742273
76 2720769
77 42948097
77 42826753
77 64663553
77 64542209
77 53675009
77 53534209
77 53553665
77 74343937
77 74203137
77 74222593
78 20675077
78 20689930
78 20563467
78 82616841
78 92578308
78 92598276
78 92558857
82 114013189
82 124216837
83 2898437
83 2884103
83 2937863
87 104024578
87 103844866
87 104054274
88 10603009
88 10525186
89 80119809
89 80158721
89 122420743
89 122342407
89 95294465
89 95313921
89 95333377
89 70701057
89 70720513
89 70739969
90 3179526
90 3219462
90 3239431
90 30913030
90 30690822
90 30770694
90 40855046
90 40632838
90 40712710
90 50797062
90 50836998
90 50654726
90 61000710
90 61040646
90 60936710
96 20507137
96 20527105
96 20674562
96 40914433
96 40934401
96 41081858
96 122040833
96 122057220
96 122123781
96 81991169
96 82011137
96 82027524
96 92979713
96 92999681
96 93016068
97 51285505
97 51300865
97 51154435
97 61489153
97 61504513
97 61358083
98 2621959
98 2634759
98 2725386
98 10601474
98 10733063
98 10745863
100 69796865
100 69750276
100 69830660
101 104024579
101 103842819
101 104054275
104 80035847
104 121112071
104 95343620
104 95393799
104 95210503
104 114309639
105 2987011
105 2884103
105 2962442
105 9687047
105 9503242
108 55965699
111 81757188
111 122048516
111 122077191
111 121898503
111 93530628
111 93559303
112 3224067
112 3267075
112 3175940
115 43325443
115 43353091
115 65444865
115 65302531
115 65385987
116 18732034
116 18635274
118 80119304
118 80158728
118 80178184
118 122824200
118 122844680
118 122863624
118 94247432
118 94286856
118 94306312
118 114170888
118 114190344
118 114210824
120 2715142
126 30617089
126 30651905
126 50762753
126 50797569
126 50836993
126 60704769
126 60739585
126 71204865
126 71244289
126 71184899
126 80885249
126 80926215
127 2898434
127 2959366
127 2987014
127 20951554
127 20750342
127 20777990
127 41097218
127 40896006
127 40923654
129 10546692
129 10574340
129 10733573
133 41867777
133 41804801
133 41756167
133 55995905
133 55932929
133 55952897
133 81786375
133 94654465
133 94674433
133 94867975
133 121554439
134 3146247
134 3223047
134 3245063
134 105333254
134 105357830
134 115536902
134 115561478
140 80404993
140 80427009
140 80448001
140 92963329
140 92985345
140 93006337
140 121780232
141 3460609
141 3442179
141 3481607
141 42967553
141 42785281
141 42949123
141 54199299
141 64926211
142 30652418
142 30429702
142 30409734
142 71467010
142 71506438
142 71486470
144 21010948
144 20990980
144 21051396
148 41344001
148 41358852
148 41284100
148 31140353
148 31155204
148 31175173
148 62027780
148 61953028
148 51562500
148 51487748
148 82193413
148 82312199
149 2898435
149 2884103
152 10505729
152 10733572
152 10505736
152 106665475
153 20937219
153 20709383
155 81670149
155 81691143
155 81723399
155 92679687
155 92711943
155 92774407
155 121259015
156 3180036
156 3201030
156 3233286
160 20730370
160 20762626
160 20825090
162 31664641
162 31678470
162 31472136
162 48147457
162 48161286
162 48217096
162 80136200
162 80166408
162 80152072
162 63060481
162 63074310
162 63130120
162 122337288
162 122341391
163 3421701
163 3477511
163 3507719
168 10541570
168 10571778
168 10557442
170 39250433
170 39284740
170 39305221
170 54686721
170 54721028
170 54741509
170 47361025
170 47395332
170 47415813
170 64367105
170 64401412
170 64421893
170 79314436
170 79334917
170 79171591
171 2655747
171 2676228
171 2636806
174 20205569
174 20428291
174 20304387
175 30893570
175 30769666
175 30793730
177 10733057
177 10574340
177 10734088
177 81477124
177 81525255
177 81288199
177 122339847
177 93773828
177 93821959
177 93847047
178 2987011
178 2884615
178 2938887
181 55884803
181 55966211
184 80644097
184 80623617
184 80734215
184 93464065
184 93554183
184 93363207
184 122333703
184 122404871
184 122416647
185 3421186
185 3668488
185 3460616
185 31416322
185 31285254
185 31401480
185 20819974
185 20936200
187 10470918
187 10263046
191 77502978
191 77522434
191 77562370
191 113929218
191 113909250
191 113950211
191 119946754
191 119967747
191 120007171
193 2655745
193 2621959
193 2636809
193 30650881
193 30489089
193 30528513
193 40470529
193 60877825
193 50674177
194 20413446
194 20248072
194 71663621
194 91809285
194 91935752
199 122041860
199 122078215
199 122105351
199 114174467
199 114192900
199 114229255
200 2898434
200 2980354
200 2938371
202 10525697
202 10586113
202 52648961
202 52668929
202 52447233
203 31174657
203 31029763
203 31056899
203 41233411
203 41260547
203 62047233
203 61902339
203 61929475
204 20564482
204 20675587
206 80527361
206 80695812
206 80631813
206 94393857
206 94562308
206 94425607
206 122650625
206 122556932
206 122682375
206 113493505
206 113399812
206 113263111
206 133900801
206 133932551
206 133877773
207 3252227
207 3188228
207 3406856
207 105675782
207 105883148
210 57797123
210 57826309
211 25122308
211 25137156
211 24903687
213 122104326
213 122141702
213 122158088
215 2664963
215 2652165
215 2723846
215 10239493
218 25153026
218 25011715
219 94083074
219 113182210
220 18470913
220 18421761
220 18582018
221 80217607
221 80404487
221 80418823
221 55210497
222 2960902
222 2975238
222 2884615
222 9516038
222 9687559
228 81003015
228 81081863
228 81026055
228 42653185
228 42543111
228 42566151
228 49978881
228 49868807
228 49891847
228 121818119
228 121634823
228 121841159
228 93038599
228 92855303
228 92799495
229 3668488
229 3485706
229 3437579
235 81452548
235 81314820
235 81404421
235 121868292
235 121781765
235 121814543
235 93225988
235 93088260
235 93263877
237 2700802
237 2652675
237 2738691
239 43467777
239 43291649
239 43324427
239 107130369
239 107163147
239 107195403
240 18844683
240 18640395
240 62717450
240 62751754
250 79601153
250 79633922
250 96083969
250 96099841
250 96116738
250 113646082
250 113661443
250 113677828
250 107105282
250 107120643
251 3498497
251 3513858
251 3530243
251 33062913
251 33078274
251 33094659
251 41173505
251 41188866
251 41205251
252 49822721
252 49839106
252 49890309
253 57688065
253 57793026
253 57739268
254 66165249
254 66111491
254 66234372
255 120008194
255 119992842
255 120039946
257 92453896
257 92521480
257 92306440
258 21197825
258 21027847
258 21095431
259 2713606
259 2621959
259 2639879
265 49977857
265 49995777
265 49851905
265 84649473
265 84435970
265 84555267
265 108719617
265 108768258
265 108696579
265 121539585
265 121588226
265 121516547
266 2925570
266 2996738
266 2951684
266 12153858
266 12108804
266 72662529
266 72781826
266 72852994
267 97708033
267 97662979
268 24405506
268 24600069
268 61034498
268 60941828
268 60966917
270 37943299
270 37756422
270 37829129
272 124691463
272 124771847
272 124720647
273 3220995
273 3273222
273 3186183
276 41753603
276 41782787
276 41733123
279 79059969
279 78959105
279 79129602
279 120297473
279 120205826
279 120242696
279 93872129
279 94042626
279 93996034
279 68594689
279 68493825
279 68553218
280 24075777
280 106600961
280 106577921
280 106637831
281 2648579
281 2621959
281 2676231
281 59684867
281 59572742
281 35876355
281 47911427
284 16635907
284 16750596
284 16542724
287 78550017
287 78569985
287 78624772
287 93463041
287 93483009
287 93537796
287 121532420
287 114468356
287 114429957
287 114446341
288 3012611
288 2926084
288 2974212
288 30745603
288 30921220
288 30707204
288 40949251
288 41124868
288 40910852
291 69119489
291 69167617
291 69184001
292 24751106
292 24861699
292 24655875
292 49372162
292 49455107
292 57796098
292 57744386
294 80907265
294 80876034
294 80953860
294 121506820
294 121519620
294 121606148
294 95035393
294 95081988
294 95094788
295 3170817
295 3248643
295 3261443
295 32212481
295 32028163
295 32040963
296 16068610
296 16081410
296 16112645
298 55880707
298 55963139
298 55911427
298 62421507
298 62503939
298 62452227
298 106899459
298 106719747
298 106930179
301 78486017
301 78521861
301 78555656
301 120608769
301 120588808
301 120725002
301 94183937
301 94253576
301 94285832
302 132252682
302 132332042
303 2648067
303 2681862
303 2714118
306 16286723
306 16318979
306 16488964
309 33756673
309 33568770
309 33601026
309 50239489
309 50313730
309 50083842
310 2957825
310 2990081
310 3005954
311 40942593
311 41021953
311 40962562
312 65644548
312 106197508
313 75848195
314 17012739
314 16902665
316 121294343
316 121322503
316 121249801
316 93038087
316 92804103
317 3190791
317 3406856
317 3204616
317 25013254
317 25122312
323 81157633
323 81171458
323 81204226
323 95561218
323 95593986
323 95609858
324 26430465
325 2697730
325 2647044
325 2621959
325 33308674
325 33520132
325 50315266
325 50264580
325 58425858
325 58375172
325 58257925
325 64443394
325 64392708
325 64275461
327 41892354
327 41775107
327 41759748
329 15858178
329 15965699
329 15803907
330 90162177
330 90107906
330 89928194
331 82258945
331 82079233
331 82245122
332 2970113
332 3006977
332 2953730
332 54512129
332 54286849
332 54379009
332 96634881
332 96671745
332 96501761
333 47431681
333 47291909
333 47362054
333 66170373
333 66129413
333 113264133
333 113485317
333 113415174
334 38919684
334 38989829
334 38849541
338 122572289
338 122590721
338 122627585
338 101641729
338 101660161
338 101697025
339 3251201
339 3175938
339 3229698
339 65781761
339 65706498
339 65760258
339 24966657
339 75200513
339 94038017
339 93902342
340 57334273
340 57388033
340 57316356
341 18843142
341 18660360
341 46265348
341 46314502
344 9686019
344 9503237
344 9515525
345 122050052
345 122158088
345 122077704
345 111814148
345 111846404
345 111692296
347 2700802
347 2713090
347 2745346
349 43492356
349 43325956
349 43352068
349 49771524
349 49605124
349 49631236
349 66254340
349 66168324
349 66087940
353 31401985
353 31432708
353 121519620
353 121372686
353 80357892
353 80430596
353 93749252
353 93773828
353 93786628
353 114704388
353 114717188
353 114570254
354 2914307
354 2962435
354 2987011
357 18657802
357 18843148
357 18672652
357 43513354
357 43356682
357 56071690
357 55964682
357 55915018
357 62612490
357 62505482
357 62455818
367 42128386
367 41957890
367 42187267
367 121509891
367 121526276
367 121559557
367 96116226
367 96083459
367 96131587
367 108444676
369 2744834
369 49576962
370 32832513
370 57425921
371 65979905
371 65964033
371 65831425
372 24861188
372 24751114
372 24861707
372 16750596
372 16640522
372 16751115
372 82885633
372 82857475
372 82915331
372 74775041
372 74746883
372 74804739
373 107713026
373 107508738
373 107525634
375 93286408
375 122850824
375 131497479
375 131579399
375 131484680
376 2884103
376 2974727
376 2998792
382 80989697
382 122850817
383 3260417
383 3187714
383 3163651
383 74424833
383 74352130
383 74328067
383 49569281
383 49758722
383 99279873
383 99316742
383 86983169
383 86910466
384 62055425
384 62031362
384 62088706
385 24879617
385 24674817
385 24751108
386 12378119
386 12564492
386 41757187
386 41680903
389 80805377
389 80926212
389 80777224
389 121097217
389 121069064
389 121091592
390 114289159
390 114187272
391 2697730
391 2621959
393 41794052
393 41867269
393 41907717
397 99797505
397 99820033
397 111309313
397 111331841
397 111353351
398 2903044
398 2884103
398 2953735
398 23706118
398 23815175
398 59154436
398 59026438
398 59105286
398 35479558
398 35501574
398 70666244
398 70538246
398 70617094
402 13088259
402 12895747
404 81705473
404 81678854
404 122035206
404 122076167
404 122157575
404 92955649
404 92977158
404 103682561
404 103704070
404 103720966
405 3199489
405 3188741
405 3236869
405 39043585
405 39032837
405 38818821
406 30708228
406 30725124
410 25271809
410 49865217
410 49894913
410 49977347
410 58499073
410 58580481
411 79600130
411 79568387
411 79433224
411 121294856
411 121371144
411 121320968
411 94815752
411 133853192
411 133929480
411 133879304
419 120563719
419 120507399
419 120325639
419 114546183
419 114489863
419 114308103
420 2884103
423 17012740
423 24861700
426 108938241
426 108969475
426 108814343
426 80158721
426 121266179
426 121111047
426 121317383
426 94515713
426 94548481
426 94531586
426 114694145
426 114725379
426 114570247
427 3221505
427 3269634
427 3146247
427 33880578
427 33931782
427 50839041
427 50625026
427 50676230
428 41991169
428 42042373
428 42129926
429 66691588
429 66635780
429 66723333
433 121608712
433 121560072
433 92976648
433 92828680
433 93025800
434 3433476
434 3497991
434 3668488
434 25149444
434 24951815
438 16579587
438 16628739
438 16645123
441 49715713
441 49776129
441 49562625
441 108168705
441 108183553
441 108228613
441 74892801
441 74874881
441 83265025
441 83313665
441 83247105
442 2622471
442 2690055
442 2726919
442 33662980
442 33649158
442 33757191
442 58518020
442 24505860
442 24492038
442 24600071
442 66105348
442 66136582
442 66167302
446 89160194
446 89190914
446 89377282
448 105341447
448 105378311
448 121076231
448 82226689
448 82263553
448 82055687
449 3146247
449 3176455
449 3268103
449 37876742
449 37943815
449 56714246
449 56750598
455 84544513
455 84429825
455 103473665
455 103529473
455 103456258
455 122049537
455 122105345
455 122032130
456 3512321
456 3490818
456 3668488
456 18948609
456 18927106
456 18982919
456 66021378
456 65815047
456 94560769
456 94539266
456 94595079
457 57125889
457 56919558
457 56955398
458 45931013
458 45966853
458 45945349
463 74650115
463 74694659
463 92964355
463 93008899
463 81975811
463 82020355
463 81952775
463 120480259
463 133329415
463 133350919
463 133382663
464 2700802
464 2745346
464 2677766
466 43492868
466 43327492
466 43348996
466 66254852
466 66089476
466 66110980
