0 84638215
0 84659207
0 84618247
0 114464263
0 114485255
0 114444295
3 4316676
3 4296708
3 4275716
7 66857993
7 67074057
7 66923529
7 77847049
7 77800969
7 77650441
7 56654345
7 56870409
7 56719881
7 88573961
7 88527881
7 88377353
7 45927433
7 45881353
7 45992969
16 72747522
16 72865798
16 72623622
16 49200642
16 49056774
16 49076742
16 106354694
16 106374662
16 106333702
16 119174662
16 119194630
16 119153670
18 6934020
18 6913028
18 6891524
22 67547145
22 67509775
22 67631632
22 77750793
22 77835280
22 77602320
22 56820233
22 56782863
22 56642576
22 88216073
22 88300560
22 88329744
22 45831689
22 45794319
22 45654032
31 23555590
31 23415303
31 23444487
37 4316161
37 4286977
37 4198922
38 66729481
38 66786314
38 66585616
38 81699338
38 81760784
38 81782288
38 51816457
38 51873290
38 51672592
38 119959056
38 119980560
38 119938064
38 134108688
38 134128656
38 134136342
47 6610433
47 6671879
47 6650887
48 35713030
48 35734534
48 35692038
54 67253251
54 67158022
54 67136518
54 78146566
54 78125062
54 78351366
54 56526339
54 56431110
54 56409606
54 88350214
54 88590854
54 88555014
54 46584323
54 46489094
54 46467590
57 6925315
57 6897158
57 7073291
60 92451331
60 92416008
60 92487177
60 81462787
60 81427464
60 81498633
60 63148547
60 63062536
60 63113224
60 125714441
60 125735945
60 125757449
63 48672773
63 48723461
63 48532486
68 4578305
68 4558337
68 4537345
68 30479873
68 30501377
68 30459905
69 67023873
69 66994183
69 67037703
69 78012417
69 78026247
69 78066183
69 56820225
69 56790535
69 56834055
69 89000961
69 89014791
69 89054727
69 46093313
69 46063623
69 46107143
70 23563270
70 23344646
70 23384582
76 8145416
76 8238601
76 8211977
76 30646280
76 30477321
76 30507017
76 50966529
76 51053576
76 50884617
76 41024513
76 41111560
76 40942601
77 107659272
77 107688968
77 107632648
84 17918977
84 17948673
84 17892353
85 65782792
85 65759241
85 65589257
85 80957448
85 80933897
85 80763913
85 51915784
85 52154377
85 51984393
85 119417352
85 119485961
85 119436816
85 134137353
85 134088208
85 134108176
93 57910273
93 57740289
93 57843714
94 45808641
94 45794305
94 45656071
94 93011975
94 93031943
94 92989959
95 11643910
95 11663878
95 11621894
95 4318214
95 4296198
95 4276230
101 67771910
101 67822598
101 67639814
101 78026246
101 78105606
101 77863430
101 56521734
101 56572422
101 56389638
101 89014790
101 89094150
101 89114118
101 46318086
101 46368774
101 46185990
107 4578313
107 4557321
107 4537865
107 30479881
107 30501385
107 30458889
107 71294985
107 71054345
107 71273993
107 81498633
107 81520137
107 81477641
107 112109577
107 112131081
107 112088585
116 67000322
116 67038726
116 67013127
116 77988866
116 78027270
116 78001671
116 56273410
116 56311814
116 56286215
116 88492550
116 88561168
116 88590864
116 46331394
116 46369798
116 46344199
118 11310596
118 11284997
118 11521035
122 31169537
122 31143431
122 31156743
123 18061830
123 18075142
123 17920009
129 4576771
129 4549123
129 4508171
129 11379203
129 11351555
129 11310603
132 66253832
132 66233864
132 66221577
132 81428488
132 81408520
132 81498127
132 52125704
132 52105736
132 52093449
132 120219663
132 120241679
132 120199695
132 133846543
132 133866511
132 133880345
140 31162881
140 31143427
140 31002631
140 20959233
140 20939779
140 20798983
141 14660610
141 14519814
141 14541830
143 4577796
143 4557828
143 4539396
147 66724355
147 66777604
147 66640394
147 78027780
147 77890570
147 78027787
147 56520707
147 56573956
147 56436746
147 88231428
147 88094218
147 88231435
147 47101955
147 47155204
147 47017994
150 3985409
150 3985416
150 4055565
151 31320070
151 31195143
151 31265292
157 95295489
157 95365638
157 95386630
158 31265285
158 31286277
158 31244293
163 67248645
163 67131401
163 67221001
163 77858313
163 77947913
163 78003210
163 56521733
163 56404489
163 56549386
163 89109001
163 88936457
163 89014795
163 46318085
163 46200841
163 46345738
168 4484101
168 4507142
168 4716554
172 78788097
172 78811138
172 78880263
172 124665863
172 124695559
172 124771335
173 18635265
173 18844677
173 18704390
174 30618116
174 30477829
174 30507525
178 3529729
178 3500545
178 3666953
179 65935368
179 65808904
179 65850888
179 81245704
179 81025544
179 81100296
179 51022344
179 50895880
179 50937864
179 119967240
179 120009224
179 119821832
179 134095368
179 134137352
179 134212104
187 2096646
187 1961991
187 1942023
187 71328257
187 71372289
187 71556615
187 93044225
187 92826113
187 93010439
187 131242497
187 131286529
187 131208711
187 112404993
187 112449025
187 112371207
188 84376582
188 84398086
188 84356614
188 106876934
188 106898438
188 106856966
193 1700353
193 1680385
193 1659905
194 67039235
194 67004934
194 67017734
194 78027779
194 77993478
194 78006278
194 56835587
194 56801286
194 56814086
194 88493059
194 88563719
194 88406535
194 46370307
194 46336006
194 46348806
197 31422979
197 31435779
197 31265796
200 13736449
200 13735946
200 13756938
200 20277249
200 20276746
200 20297738
201 67432961
201 67458049
201 67445762
201 121329665
201 121354753
201 121342466
202 99103233
202 99290120
202 99311112
202 112185345
202 112110088
202 112131080
203 105830919
203 105851911
203 105810439
210 67299331
210 67181064
210 67267594
210 78026243
210 77907976
210 77994506
210 56834051
210 56715784
210 56802314
210 89276419
210 89158152
210 89346064
210 45583875
210 45465608
210 45552138
213 30639111
213 30614538
213 30625804
218 104259080
218 104288264
218 104229384
220 14393347
220 14404613
220 14257158
223 1584130
223 1698819
223 1669123
225 7454721
225 7425025
225 7593482
226 66199049
226 66062351
226 66083343
226 81237519
226 81258511
226 81216527
226 51024393
226 50887695
226 50908687
226 119959055
226 119980047
226 119938063
226 134108175
226 134128655
226 134154775
235 3009030
235 2988038
235 2968582
241 67253252
241 67302408
241 67176456
241 78029320
241 77903368
241 77890568
241 56526340
241 56575496
241 56449544
241 88494600
241 88368648
241 88355848
241 46584324
241 46633480
241 46507528
245 6864900
245 6933516
245 6913036
249 32050184
249 32071176
249 32029704
249 101906440
249 101927432
249 101885960
249 95365640
249 95386632
249 95345160
249 130424328
249 130445320
249 130465800
249 80975880
249 80996872
249 80955400
257 67243013
257 67134983
257 67231751
257 77861895
257 77958663
257 78011912
257 56777733
257 56669703
257 56790024
257 88589319
257 88423943
257 88477192
257 45265925
257 45157895
257 45278216
262 1585155
262 1614851
262 1653763
264 80628225
264 80667137
264 80545794
264 130256386
264 130160648
264 130190344
265 7977991
265 7948295
265 7895057
265 23152647
265 23182343
265 23122951
265 43036679
265 43066375
265 43006983
266 115247622
266 115277318
266 115217926
272 66239498
272 66257935
272 66062352
272 81414154
272 81432591
272 81499152
272 51064842
272 51083279
272 50887696
272 119959056
272 119979536
272 119938064
272 134107664
272 134128656
272 134108704
282 23611397
282 23677958
282 23698438
287 33096705
287 33117185
287 33075713
288 67304456
288 67336712
288 67352073
288 77769736
288 77801992
288 77817353
288 56577544
288 56609800
288 56363017
288 88496648
288 88528904
288 88544265
288 46373896
288 46144008
288 46159369
296 33077761
296 33230852
296 33096712
296 49560577
296 49713668
296 49579528
297 57562627
297 57428487
297 57449991
300 1700868
300 1679876
300 1658884
304 67249158
304 67270157
304 67369487
304 78258701
304 78358031
304 78125583
304 56522246
304 56543245
304 56380431
304 88823311
304 88853007
304 88789519
304 45795334
304 45816333
304 45653519
310 4739591
310 4838921
310 4719625
317 15565826
317 15708674
317 15595522
319 66549768
319 66502665
319 66536969
319 5327368
319 5280265
319 5314569
319 81724424
319 81677321
319 81711625
319 49282056
319 49234953
319 49269257
319 24426504
319 24379401
319 24413705
327 48711681
327 48745985
327 48672775
328 24602630
328 24462855
328 24484359
328 42131974
328 41992199
328 42013703
334 4578817
334 4558849
334 4469761
335 67368455
335 67319304
335 67247625
335 78356999
335 78307848
335 78324745
335 56902663
335 57115656
335 57043977
335 88560647
335 88511496
335 88528393
335 11378695
335 11329544
335 11520009
342 66011137
342 65939458
342 66028034
343 40822785
343 40649217
343 40861701
344 3971076
344 4056071
344 4033543
344 49495556
344 49318407
344 49338375
348 23940099
348 23960067
348 23917571
351 67567106
351 67555845
351 67429894
351 77770754
351 77759493
351 77633542
351 56055298
351 56044037
351 55918086
351 88497666
351 88486405
351 88360454
351 46374914
351 46363653
351 46237702
353 33805315
353 33679364
353 33608197
356 27852290
356 28002824
356 27862538
357 97708545
357 97718793
357 97746953
358 61230086
358 61089800
358 61117960
364 4054018
364 4024834
2 4214276
2 4317189
2 4296709
6 14520833
6 14541313
6 14500353
7 67271177
7 67119625
7 67298313
7 77736457
7 77763593
7 56805897
7 56833033
7 88490505
7 46340617
7 46189065
7 46367753
16 16235010
16 16090118
16 16111110
16 72864774
16 30101506
16 29956614
16 29977606
16 49055750
16 106092038
16 106113030
16 106072070
18 6932996
22 67023881
22 66994702
22 67108368
22 56791054
22 45802510
31 23563781
36 8502274
36 8473090
36 8647690
38 66729992
38 66585103
38 81760271
38 81781263
38 51816968
38 51672079
38 119958543
38 119979535
38 119937551
38 134107663
38 134129167
46 6872066
46 6932999
46 6912007
48 35712517
48 35733509
48 35691525
53 66991620
53 67009542
53 66896391
53 77736454
53 77623303
53 77828103
53 56264708
53 56282630
53 56169479
53 88611847
53 88816647
53 88683527
53 46584324
53 46602246
53 46489095
57 6833666
57 6896646
59 16082433
59 16053764
59 16230409
60 92450819
60 92508681
60 63148035
60 62922249
60 129115657
60 129137161
60 129158153
63 48411141
63 48270854
63 48292358
68 4536833
69 66994694
69 67096582
69 78085126
69 78045702
69 56791046
69 56630790
69 88739329
69 88812038
69 88772614
69 45831681
69 45802502
69 45642246
70 23563781
70 23403525
70 23364101
75 8471553
75 8407561
75 8500746
75 60798465
75 60734473
75 60565514
75 40390657
75 40588809
75 40419850
76 51054088
76 50885129
76 50914825
84 18181121
84 18210817
84 18153985
85 66044936
85 65934857
85 66020873
85 81219592
85 81195529
85 81025545
85 51916296
85 52068361
85 119417864
85 119435791
85 134108175
85 134128143
93 58085889
93 58171905
93 58001921
94 1700870
94 1680902
94 1659398
94 45655046
94 45676038
94 45635078
94 93010950
94 93031942
94 92990982
100 67248647
100 67299335
100 67116551
100 78026247
100 78105607
100 77923335
100 57044999
100 57095687
100 56912903
100 88229895
100 88309255
100 88126983
100 46056455
100 46107143
100 45924359
107 4538889
116 66985987
116 77988877
116 56259075
116 88822800
116 88852496
116 88794640
116 46854658
116 46840323
116 46867463
118 11520001
118 11521034
119 3959300
119 3933193
119 3946506
123 18061829
123 17830920
128 4469761
128 4487683
128 4576772
129 11290114
129 11351043
131 20536321
131 20566017
131 20508161
132 66287113
132 81461769
132 81498639
132 51864072
132 51831817
132 51897353
132 120220175
132 134108175
132 134128655
132 134108191
140 30966273
141 14520326
141 48149506
141 48009222
141 48030726
143 4578308
147 66986499
147 67039243
147 66847248
147 78097936
147 77856784
147 56521219
147 56573963
147 56381968
147 88493067
147 88563216
147 88584208
147 47102467
147 47155211
147 46963216
150 4247048
150 4317197
150 4296205
163 67250693
163 67261957
163 67192326
163 77988869
163 77919238
163 78003209
163 56523781
163 56535045
163 56465414
163 88907782
163 46320133
163 46331397
163 46261766
168 5530628
168 5553670
168 5624330
168 11286532
168 11309574
168 11380234
169 110039555
169 109867011
169 110016009
172 18635266
172 18705926
172 18844678
172 78881798
172 78647814
172 124667398
172 124695558
172 124770822
174 30479364
174 30507524
178 66719753
178 66593801
178 66816009
178 3666441
178 3500553
178 3666447
178 81245705
178 81205769
178 81025033
178 51021833
178 50895881
178 50855945
178 119705609
178 119747081
178 119719433
187 1572870
187 1700359
187 1679879
187 71315975
187 71536135
187 51021830
187 50887175
187 50908679
187 92748807
187 92770311
187 92728327
187 78620679
187 78642183
187 78600199
193 1679873
194 56573955
194 56539654
194 56552454
194 88537094
197 31239171
200 13880325
200 13756426
200 20304386
200 20421125
200 53853185
200 53828098
200 53793282
201 121294849
201 112172545
201 112137729
201 112185346
202 99310600
202 81312257
202 81499144
202 81519624
203 105851399
205 6933509
205 6913029
205 6891013
210 67246599
210 67268105
210 77764611
210 77733385
210 77785609
210 56781319
210 56802825
210 89297417
210 89346575
210 45531143
210 45552649
213 30618116
213 30639622
213 30429702
217 3429378
217 3481602
217 3666438
219 14654980
219 14519302
219 14547974
219 41341444
219 41205766
219 41234438
223 1699330
223 1700882
225 66323984
225 66344976
225 66565136
225 81237520
225 81258512
225 81216528
225 7456784
225 7435792
225 7415824
225 119435792
225 119456784
225 119414800
225 133563920
225 133584912
225 133605392
241 67253251
241 67164168
241 67232264
241 77891080
241 77959176
241 77862408
241 56526339
241 56437256
241 56408584
241 88356360
241 88424456
241 88589832
241 46322691
241 46233608
241 46204936
244 6816268
244 6933517
244 6912525
249 95627272
249 95648264
249 95606280
249 80954888
249 118650888
249 118671880
249 118629896
256 7195137
256 7174145
256 7153665
257 67254279
257 67231239
257 77958151
257 56527367
257 56408071
257 56516104
257 88423431
257 46062087
257 45942791
257 46050824
264 7590913
264 7370753
264 7409665
264 129994754
264 129899016
264 129928712
265 1698823
265 1669127
265 1577479
272 3970570
272 3989007
272 4055568
272 119980048
282 23698950
287 33117697
288 67243012
288 67165190
288 67137542
288 77892102
288 77864454
288 77966342
288 56516100
288 56438278
288 56410630
288 88357382
288 88591878
288 88431622
288 46312452
288 46234630
288 46206982
292 1584131
292 1634308
292 1682436
294 96083970
294 96132098
294 96116226
294 81955842
294 82003970
294 81988098
294 134109193
294 134130185
294 134115353
295 7390209
295 7438337
295 7422465
296 33094657
296 33230851
296 33096199
296 57688065
296 57824259
296 57689607
296 49577473
296 49713667
296 49579015
297 66196482
297 66061830
297 66084358
299 1700356
299 1679876
299 1657860
303 66984455
303 66985997
303 67008525
303 78520333
303 78544397
303 78619664
303 56519175
303 56520717
303 56543245
303 89271309
303 89346576
303 89376272
303 45268999
303 45270541
303 45293069
310 3147270
310 3169798
310 3193862
316 4054019
316 4020227
316 4019211
316 15565827
316 15595523
316 15532035
316 27862531
316 27892227
316 27828739
319 66536968
319 66502664
319 81711624
319 81677320
319 49269256
319 49234952
319 119947272
319 119959056
319 119980048
319 133825552
319 133846544
319 133867536
327 48666631
327 48533000
327 48553992
327 42125831
327 41992200
327 42013192
327 24596487
327 24462856
327 24483848
327 61224967
327 61091336
327 61112328
334 1439233
334 1418753
334 1330177
335 67262472
335 78095367
335 77989384
335 78046216
335 56641031
335 56797192
335 56854024
335 88822279
335 88773128
335 88789513
335 11272712
342 65954305
343 11781633
343 11607553
343 11641863
343 40648705
343 40683015
344 4054534
344 4033542
344 3946502
344 49055238
344 49077254
344 49034246
350 66724357
350 66770949
350 66835975
350 78021125
350 78086151
350 78095888
350 55997445
350 56044037
350 55846919
350 88748037
350 88813063
350 88822800
350 11520005
350 11304453
350 11369479
355 4043778
355 3932169
355 4053515
355 27852290
355 28002825
355 27862027
357 61230087
357 61089289
357 61117961
364 4053506
2 4226049
2 4316676
2 4297220
3 20537859
3 20557827
3 20518403
6 66923529
6 67009546
6 67036682
6 77127177
6 77213194
6 77240330
6 56981513
6 57067530
6 57094666
6 88377353
6 88490506
6 88563216
6 14421002
6 14448138
6 14665228
15 106354183
15 106375175
15 106333191
16 16090630
16 16111622
16 29957126
16 29978118
18 6933508
18 6912516
18 6892036
22 67252744
22 67285513
22 67256334
22 78012425
22 78026254
22 78096912
22 56525832
22 56558601
22 56529422
22 88477705
22 88491534
22 88562192
22 46060552
22 46093321
22 46064142
30 6586369
30 6557190
30 6600198
31 23344645
36 8470530
36 30479362
36 30508546
36 30447618
38 66607119
38 81782287
38 81739791
38 50508808
38 50363919
38 50385935
38 119980559
38 119938063
38 134108687
38 134128655
46 6912519
46 6893063
53 67101191
53 78351367
53 78146567
53 78217735
53 56526340
53 56373767
53 56431111
53 88555015
53 88350215
53 88421383
53 46431751
57 6897157
57 6883333
60 63148546
60 63134722
60 63062535
60 92451330
60 92437506
60 92486665
60 128853513
60 128875529
60 128896521
62 48672773
62 48531975
62 48553991
62 41608709
62 41467911
62 41489927
67 4577794
67 4557826
67 4536834
69 66762241
69 66733062
69 66834950
69 78026246
69 56558593
69 56529414
69 56369158
69 88753158
70 23344645
75 8500233
75 8637449
75 8470537
75 60565001
75 60594697
75 60702217
75 30477321
75 30507017
75 30614537
75 50622985
75 50652681
75 50760201
75 40680969
75 40710665
75 40818185
84 65677834
84 65759242
84 65790986
84 80933898
84 80965642
84 80983562
84 1577482
84 1658890
84 1690634
84 50503178
84 50584586
84 50354186
84 119163914
84 119181834
84 119174160
94 4055558
94 4035078
94 4014086
94 45634566
94 61876230
94 61897222
94 62117894
94 71295494
94 71054342
94 71275014
100 67300870
100 67370512
100 78027782
100 78097424
100 77856784
100 56835590
100 56783367
100 56643088
100 88231430
100 88301072
100 88322576
100 46108678
100 45916176
106 31405057
106 31264778
106 31286282
116 67032577
116 78021121
116 78002183
116 56305665
116 88748033
116 88822799
116 88851471
116 46886913
117 28017153
117 28002818
117 28030470
118 11285509
119 3959812
123 18323461
123 18336774
123 18181640
128 4576771
128 4549123
129 11379202
129 11351554
131 66253833
131 66061840
131 66083344
131 80905225
131 80975376
131 80996880
131 52125705
131 51933712
131 51955216
131 120220176
131 120241680
131 120199696
131 133563408
131 133584912
131 133605392
140 31003143
140 31024647
140 30982663
147 67082247
147 66981388
147 78070791
147 56616967
147 56516108
147 88536071
147 46936071
147 47097356
154 53434372
154 53376517
154 53242377
158 31399425
159 1700868
159 1680388
159 1659908
163 67248644
163 67276297
163 77870601
163 56783364
163 56796677
163 56811017
163 88859657
163 88846345
163 88674825
163 46318084
163 46345737
167 4469761
167 4484101
167 4576267
168 11378698
168 11518986
172 18704390
172 18734086
172 85159430
172 85189126
172 85130246
172 78356998
172 78124550
172 78327814
172 124665862
178 65808905
178 65850377
178 65822729
178 81259529
178 3666446
178 3532304
178 3511312
178 50937353
178 50909705
187 71557127
187 92749319
187 78621191
187 131209223
187 131230215
187 131251719
187 106092551
187 106113543
187 106071559
192 1700866
192 1679874
192 1659394
194 67300867
194 67243012
194 67266566
194 78071302
194 56516100
194 89016323
194 89059846
194 89086982
194 46108675
194 46050820
194 46074374
197 31399425
197 31238659
198 1596418
198 1674242
198 1701378
200 13735433
200 13756937
200 53591553
200 53557250
200 53530114
200 67458049
200 67475969
200 67423746
201 112163329
201 112136193
201 121320449
201 121293313
202 94393857
202 94580231
202 94601735
202 80527361
202 80713735
202 80735239
203 105830406
203 105851910
203 105810438
205 6932996
205 6913028
205 6891012
209 67014658
209 67037700
209 66984968
209 78003202
209 78026244
209 77994506
209 56811010
209 56834052
209 56781320
209 89276420
209 89305610
209 89346064
209 45560834
209 45583876
209 45531144
211 18635266
211 18844678
211 18865672
213 30639110
213 30437894
217 3428866
217 3489794
217 3530248
219 14257158
219 14405126
219 14183442
219 45391366
219 45420550
219 45539334
225 66248716
225 66062352
225 66083344
225 81161740
225 7642636
225 7718416
225 7696912
225 119414288
237 28387332
237 28408324
237 28365828
241 67302407
241 67157511
241 78029319
241 77884423
241 77950983
241 56264707
241 56313863
241 56168967
241 88494599
241 88349703
241 88416263
241 46371847
241 46226951
244 6864900
244 6933516
244 6913036
248 32076801
248 32050184
248 32071688
248 92252673
248 92226056
248 92247560
248 126264833
248 126238216
248 126259720
248 132282369
248 132255752
248 132277256
248 118415873
248 118389256
248 118410760
249 80975879
249 80997383
249 80955399
256 67254280
256 67139592
256 67231240
256 78128136
256 78219784
256 78273545
256 56789000
256 56674312
256 56777737
256 7078408
256 7329289
256 7109129
256 88593928
256 88423432
256 88477193
264 82982913
264 83021825
264 82875393
264 129969665
265 1615889
265 102261249
265 102427655
265 102457351
272 66061840
272 81498640
272 50887184
272 120220176
272 120241680
272 120202768
272 134108176
272 134144022
282 23677446
287 33096193
287 33078785
288 66981380
288 66904070
288 66875910
288 77892614
288 58085892
288 58008582
288 57980422
288 88357894
288 46235142
292 1583619
292 1633796
294 96393730
294 96345090
294 96377346
294 81955330
294 81987586
295 7176705
295 7128065
295 7160321
296 32833025
296 32969219
296 32834567
296 49315841
296 49452035
296 49317383
299 1659396
303 66987526
303 67002886
303 78514694
303 56522246
303 56537606
303 46056966
303 46072326
303 46055437
309 4979207
309 4739591
309 4763655
309 12828167
309 12588551
309 12612615
316 3972107
319 119947784
319 119958543
319 119979535
319 133846031
319 133865999
319 133825567
327 24602116
327 24462343
327 24483335
327 48672260
327 48532487
327 48553479
327 42131460
327 41991687
327 42012679
327 61492228
327 61352455
327 61373447
331 4316675
331 4208643
331 4297219
334 67106824
334 67000841
334 67057673
334 77833736
334 77727753
334 77784585
334 11640328
334 11534345
334 11591177
334 56902664
334 57058825
334 57115657
334 88037384
334 87988233
334 88004618
342 65934850
343 11777025
343 11642887
343 40818177
343 40684039
344 1700870
344 1678854
344 1659910
344 49056262
350 67247621
350 67294213
350 67167750
350 77894662
350 55917574
350 88621574
350 46317061
350 46363653
350 46237190
356 97446913
356 97456650
356 97485834
357 61118473
3 20558339
6 66857993
6 67074057
6 77585417
6 77539337
6 77388809
6 56915977
6 57132041
6 88573961
6 88527881
6 45927433
6 45881353
6 45992969
15 72765441
15 72747522
15 72865287
15 49218561
15 49200642
15 49056263
15 119174151
15 119195143
15 119153159
16 16235009
17 6933509
17 6912517
17 6892037
22 67285512
22 67255822
22 78012424
22 78096911
22 77864463
22 56558600
22 56528910
22 88477704
22 88562191
22 88591887
22 46093320
22 46063630
30 6556678
30 6670855
30 6641671
30 23563270
30 23415303
30 23444999
36 8240641
36 8211457
36 8385546
37 66729481
37 66786314
37 66585616
37 81960970
37 82022416
37 82043920
37 51816457
37 51873290
37 51672592
37 119959056
37 119980560
37 119938064
37 134108688
37 134128656
37 134114838
46 6610433
46 6671879
46 6650887
47 35713030
47 35734534
47 35692038
53 67253251
53 67136518
53 67158022
53 78125062
53 78146566
53 78211078
53 56526339
53 56409606
53 56431110
53 88590854
53 88350214
53 88414726
53 46584323
53 46467590
53 46489094
56 6897158
56 6883334
56 7073291
59 81462787
59 81448963
59 81427464
59 92451331
59 92437507
59 92416008
59 125452298
59 125473802
59 125495306
62 48723461
62 41659397
67 4556802
67 30479362
67 30500866
67 30458370
69 66732550
69 66776070
69 77764614
69 77823494
69 77804038
69 56005638
69 56049158
69 55845894
69 88792582
69 45801990
69 45845510
75 8145416
75 8238601
75 8211977
75 30499841
75 30646280
75 60587521
75 60733960
75 50645505
75 50791944
75 40703489
75 40849928
76 77216775
76 77309960
76 77077512
83 17918977
83 17948673
83 17892353
84 65539088
84 80975888
84 80996880
84 52072970
84 52154378
84 51934224
84 119435792
84 119456784
84 119414800
84 134108176
84 134129680
84 134094870
94 4034566
94 45634054
100 67248646
100 67359238
100 67299334
100 78086150
100 78026246
100 78105606
100 56521734
100 56370182
100 56572422
100 89074694
100 89014790
100 89094150
100 46056454
100 45904902
100 46107142
106 4579337
106 4557321
106 4539401
106 61091849
106 61112329
106 61331977
106 30480905
106 30501385
106 30458889
106 71296009
106 71054345
106 71273993
106 81499657
106 81520137
106 81477641
115 67523586
115 67512322
115 67561990
115 77988866
115 78027270
115 78001671
115 56273410
115 56262146
115 56311814
115 88492550
115 88561168
115 88590864
115 47116290
115 47105026
115 47154694
117 11310596
117 11284997
117 11521035
117 5554692
117 5529093
117 5765131
121 31169537
121 31143431
121 31156744
122 18061830
122 18075143
122 17920009
129 11310090
131 66253320
131 66061328
131 81427976
131 81498128
131 81520144
131 52125192
131 51933200
131 120219664
131 120200208
131 133846544
131 133867024
131 133880345
139 30741000
139 30763016
139 30721544
147 66640393
147 66777610
147 66585615
147 77890569
147 78027786
147 78097935
147 56698377
147 56835594
147 56643599
147 88355849
147 88493066
147 88563215
147 10787850
147 10857999
147 10837007
156 95295489
156 95365638
156 95386630
157 31265285
157 31286277
157 31244293
162 67248645
162 67261958
162 67131401
162 77988870
162 77858313
162 77948425
162 56521733
162 56535046
162 56404489
162 89370633
162 89198601
162 89299978
162 46056453
162 46069766
162 45939209
167 4530693
168 11333124
171 78788097
171 78834689
171 78880263
171 124927495
171 124957191
171 125032967
172 18675206
172 42512902
172 42542598
172 42483718
178 65925641
178 81100297
178 50914313
178 3532816
178 3510800
178 119967241
178 120008713
178 119821833
187 71557639
187 71535623
187 92749831
187 92727815
187 131209735
187 80976391
187 80996871
187 80954375
187 106093063
187 106071047
192 1701378
192 1679362
192 1659906
194 67561986
194 67504644
194 67371014
194 78027266
194 78098438
194 77923335
194 56311810
194 56254468
194 56120838
194 89015810
194 88911879
194 46369794
194 46312452
194 46178822
196 31137794
196 31004164
196 31056902
198 1583111
198 1700875
201 112184834
201 121341954
202 94393345
202 94580743
202 80526849
202 80714247
203 105569286
203 105590278
203 105548806
205 6933508
209 67299332
209 67267594
209 67243021
209 78095888
209 56802314
209 56777741
209 89375248
209 45552138
209 45527565
213 30614537
213 30625803
219 14393347
219 14404613
222 1584130
222 1698819
222 1668611
224 7454721
224 7424513
224 7381005
225 66062863
225 66083343
225 81238031
225 81258511
225 50812428
225 50626575
225 50647055
225 119436303
225 119456783
225 119414799
225 133564431
225 133584911
225 133605391
237 28387843
237 28408323
237 28366339
240 67514884
240 67564040
240 67438088
240 78029320
240 77903368
240 77884424
240 56526340
240 56575496
240 56449544
240 88494600
240 88368648
240 88349704
240 46584324
240 46633480
240 46507528
248 32029704
248 101906440
248 101927944
248 101885960
248 92205576
248 132297224
248 126279688
256 67135495
256 67254792
256 67285000
256 78124039
256 78273544
256 56670215
256 56789512
256 56819720
256 88589831
256 88477192
256 45158407
256 45277704
256 45307912
263 80889857
263 80836097
263 80928770
264 7852545
264 7671297
264 7716360
264 23288833
264 23107585
264 23152648
264 129994753
265 1669639
265 1615888
265 43007495
265 115247623
265 115277319
265 115218439
272 66239497
272 66062351
272 66082831
272 81414153
272 81499151
272 81519631
272 51326473
272 51149327
272 51169807
272 120220687
272 120241167
272 120199695
272 134107663
272 134128655
272 134113302
281 23677958
281 23698438
281 23656966
287 67134983
287 67165703
287 67303945
287 77600263
287 77630983
287 77769225
287 56408071
287 56438791
287 56577033
287 88589319
287 88357895
287 88496137
287 46204423
287 46235143
287 46373385
294 80647170
294 80695810
294 80679426
296 32835079
296 32856583
296 57690119
296 57711623
296 49317895
296 49339399
299 1700868
299 1658884
303 67249158
303 67264518
303 67178502
303 78253062
303 78167046
303 78187014
303 56451590
303 88893958
303 88913926
303 89009677
303 45795334
303 45810694
303 45724678
309 4719625
309 12830729
309 103012360
309 102951434
309 102980618
309 113216008
309 113155082
309 113184266
316 15708674
316 15595011
316 28005378
316 27891715
317 97718786
317 97747970
317 97684994
318 5362177
318 5328385
318 5280265
319 81415688
319 81449992
319 81462792
319 120220175
319 120242191
319 120200719
319 134108687
319 134127631
319 134096407
327 24602630
327 24484359
327 42131974
327 42013703
327 48672774
327 48554503
333 4578305
333 4558849
333 4470273
334 67106823
334 67057160
334 66856456
334 78356999
334 78307336
334 78368776
334 56902663
334 57115144
334 56914440
334 88037383
334 87987720
334 88049160
334 11640327
334 11590664
334 11652104
341 66010625
341 65809921
341 65934851
342 40556546
342 40387074
342 40422920
342 72045058
342 72080904
342 71839240
344 1701382
344 49056774
350 67509253
350 67555845
350 67429894
350 77895174
350 78109190
350 55918086
350 88486405
350 88360454
350 88574470
350 46237702
355 4054026
355 27875329
356 97708545
356 97718793
356 97746953
356 73115137
356 73125385
356 72891401
357 61089800
357 61117960
364 4054017
364 4024833
364 3956225